2025-10-11 14:38:46,057 WARNING [db] MySQL Error on attempt 1/3: Cannot connect to MySQL server - Check if MySQL is running
2025-10-11 14:38:46,058 INFO [db] Retrying in 2 seconds...
2025-10-11 14:38:50,104 WARNING [db] MySQL Error on attempt 2/3: Cannot connect to MySQL server - Check if MySQL is running
2025-10-11 14:38:50,105 INFO [db] Retrying in 2 seconds...
2025-10-11 14:38:54,145 WARNING [db] MySQL Error on attempt 3/3: Cannot connect to MySQL server - Check if MySQL is running
2025-10-11 14:45:47,524 INFO [db] Retrying in 1.0 seconds...
2025-10-11 14:45:50,568 ERROR [db] Database connection error during get_user_by_username: Failed to connect to MySQL after 2 attempts. Last error: 2003: Can't connect to MySQL server on 'localhost:3306' (10061 No connection could be made because the target machine actively refused it). Please ensure MySQL server is running and accessible.
2025-10-11 14:45:50,569 ERROR [db] Database Error - get_user_by_username - Failed to perform get_user_by_username due to database connection issues. | Details: Failed to connect to MySQL after 2 attempts. Last error: 2003: Can't connect to MySQL server on 'localhost:3306' (10061 No connection could be made because the target machine actively refused it). Please ensure MySQL server is running and accessible.
2025-10-11 14:47:15,998 INFO [matplotlib.category] Using categorical units to plot a list of strings that are all parsable as floats or dates. If these strings should be plotted as numbers, cast to the appropriate data type before plotting.
2025-10-11 14:47:16,001 INFO [matplotlib.category] Using categorical units to plot a list of strings that are all parsable as floats or dates. If these strings should be plotted as numbers, cast to the appropriate data type before plotting.
2025-10-11 14:47:16,005 INFO [matplotlib.category] Using categorical units to plot a list of strings that are all parsable as floats or dates. If these strings should be plotted as numbers, cast to the appropriate data type before plotting.
2025-10-11 14:47:16,007 INFO [matplotlib.category] Using categorical units to plot a list of strings that are all parsable as floats or dates. If these strings should be plotted as numbers, cast to the appropriate data type before plotting.
2025-10-11 14:47:16,010 INFO [matplotlib.category] Using categorical units to plot a list of strings that are all parsable as floats or dates. If these strings should be plotted as numbers, cast to the appropriate data type before plotting.
2025-10-11 14:47:16,011 INFO [matplotlib.category] Using categorical units to plot a list of strings that are all parsable as floats or dates. If these strings should be plotted as numbers, cast to the appropriate data type before plotting.
2025-10-11 14:47:16,055 ERROR [root] Loop detection failed: Interface 'Wi-Fi' not found !
2025-10-11 14:47:16,063 ERROR [db] MySQL error during save_loop_detection: 1265: Data truncated for column 'status' at row 1
2025-10-11 14:47:16,064 ERROR [db] Database Error - save_loop_detection - A database error occurred during save_loop_detection. | Details: MySQL Error 1265: Data truncated for column 'status' at row 1
2025-10-11 14:47:16,065 ERROR [db] Failed to save loop detection to database
2025-10-11 14:47:21,193 INFO [matplotlib.category] Using categorical units to plot a list of strings that are all parsable as floats or dates. If these strings should be plotted as numbers, cast to the appropriate data type before plotting.
2025-10-11 14:47:21,194 INFO [matplotlib.category] Using categorical units to plot a list of strings that are all parsable as floats or dates. If these strings should be plotted as numbers, cast to the appropriate data type before plotting.
2025-10-11 14:47:21,195 INFO [matplotlib.category] Using categorical units to plot a list of strings that are all parsable as floats or dates. If these strings should be plotted as numbers, cast to the appropriate data type before plotting.
2025-10-11 14:47:21,196 INFO [matplotlib.category] Using categorical units to plot a list of strings that are all parsable as floats or dates. If these strings should be plotted as numbers, cast to the appropriate data type before plotting.
2025-10-11 14:47:21,199 INFO [matplotlib.category] Using categorical units to plot a list of strings that are all parsable as floats or dates. If these strings should be plotted as numbers, cast to the appropriate data type before plotting.
2025-10-11 14:47:21,200 INFO [matplotlib.category] Using categorical units to plot a list of strings that are all parsable as floats or dates. If these strings should be plotted as numbers, cast to the appropriate data type before plotting.
2025-10-11 14:47:29,548 INFO [matplotlib.category] Using categorical units to plot a list of strings that are all parsable as floats or dates. If these strings should be plotted as numbers, cast to the appropriate data type before plotting.
2025-10-11 14:47:29,549 INFO [matplotlib.category] Using categorical units to plot a list of strings that are all parsable as floats or dates. If these strings should be plotted as numbers, cast to the appropriate data type before plotting.
2025-10-11 14:47:29,550 INFO [matplotlib.category] Using categorical units to plot a list of strings that are all parsable as floats or dates. If these strings should be plotted as numbers, cast to the appropriate data type before plotting.
2025-10-11 14:47:29,551 INFO [matplotlib.category] Using categorical units to plot a list of strings that are all parsable as floats or dates. If these strings should be plotted as numbers, cast to the appropriate data type before plotting.
2025-10-11 14:47:29,554 INFO [matplotlib.category] Using categorical units to plot a list of strings that are all parsable as floats or dates. If these strings should be plotted as numbers, cast to the appropriate data type before plotting.
2025-10-11 14:47:29,555 INFO [matplotlib.category] Using categorical units to plot a list of strings that are all parsable as floats or dates. If these strings should be plotted as numbers, cast to the appropriate data type before plotting.
2025-10-11 14:47:34,702 INFO [matplotlib.category] Using categorical units to plot a list of strings that are all parsable as floats or dates. If these strings should be plotted as numbers, cast to the appropriate data type before plotting.
2025-10-11 14:47:34,703 INFO [matplotlib.category] Using categorical units to plot a list of strings that are all parsable as floats or dates. If these strings should be plotted as numbers, cast to the appropriate data type before plotting.
2025-10-11 14:47:34,704 INFO [matplotlib.category] Using categorical units to plot a list of strings that are all parsable as floats or dates. If these strings should be plotted as numbers, cast to the appropriate data type before plotting.
2025-10-11 14:47:34,705 INFO [matplotlib.category] Using categorical units to plot a list of strings that are all parsable as floats or dates. If these strings should be plotted as numbers, cast to the appropriate data type before plotting.
2025-10-11 14:47:34,707 INFO [matplotlib.category] Using categorical units to plot a list of strings that are all parsable as floats or dates. If these strings should be plotted as numbers, cast to the appropriate data type before plotting.
2025-10-11 14:47:34,708 INFO [matplotlib.category] Using categorical units to plot a list of strings that are all parsable as floats or dates. If these strings should be plotted as numbers, cast to the appropriate data type before plotting.
2025-10-11 14:47:47,679 INFO [matplotlib.category] Using categorical units to plot a list of strings that are all parsable as floats or dates. If these strings should be plotted as numbers, cast to the appropriate data type before plotting.
2025-10-11 14:47:47,683 INFO [matplotlib.category] Using categorical units to plot a list of strings that are all parsable as floats or dates. If these strings should be plotted as numbers, cast to the appropriate data type before plotting.
2025-10-11 14:47:47,684 INFO [matplotlib.category] Using categorical units to plot a list of strings that are all parsable as floats or dates. If these strings should be plotted as numbers, cast to the appropriate data type before plotting.
2025-10-11 14:47:47,685 INFO [matplotlib.category] Using categorical units to plot a list of strings that are all parsable as floats or dates. If these strings should be plotted as numbers, cast to the appropriate data type before plotting.
2025-10-11 14:47:47,688 INFO [matplotlib.category] Using categorical units to plot a list of strings that are all parsable as floats or dates. If these strings should be plotted as numbers, cast to the appropriate data type before plotting.
2025-10-11 14:47:47,688 INFO [matplotlib.category] Using categorical units to plot a list of strings that are all parsable as floats or dates. If these strings should be plotted as numbers, cast to the appropriate data type before plotting.
2025-10-11 14:47:47,863 INFO [matplotlib.category] Using categorical units to plot a list of strings that are all parsable as floats or dates. If these strings should be plotted as numbers, cast to the appropriate data type before plotting.
2025-10-11 14:47:47,864 INFO [matplotlib.category] Using categorical units to plot a list of strings that are all parsable as floats or dates. If these strings should be plotted as numbers, cast to the appropriate data type before plotting.
2025-10-11 14:47:47,865 INFO [matplotlib.category] Using categorical units to plot a list of strings that are all parsable as floats or dates. If these strings should be plotted as numbers, cast to the appropriate data type before plotting.
2025-10-11 14:47:47,866 INFO [matplotlib.category] Using categorical units to plot a list of strings that are all parsable as floats or dates. If these strings should be plotted as numbers, cast to the appropriate data type before plotting.
2025-10-11 14:47:47,871 INFO [matplotlib.category] Using categorical units to plot a list of strings that are all parsable as floats or dates. If these strings should be plotted as numbers, cast to the appropriate data type before plotting.
2025-10-11 14:47:47,872 INFO [matplotlib.category] Using categorical units to plot a list of strings that are all parsable as floats or dates. If these strings should be plotted as numbers, cast to the appropriate data type before plotting.
2025-10-11 14:47:52,987 INFO [matplotlib.category] Using categorical units to plot a list of strings that are all parsable as floats or dates. If these strings should be plotted as numbers, cast to the appropriate data type before plotting.
2025-10-11 14:47:52,989 INFO [matplotlib.category] Using categorical units to plot a list of strings that are all parsable as floats or dates. If these strings should be plotted as numbers, cast to the appropriate data type before plotting.
2025-10-11 14:47:52,990 INFO [matplotlib.category] Using categorical units to plot a list of strings that are all parsable as floats or dates. If these strings should be plotted as numbers, cast to the appropriate data type before plotting.
2025-10-11 14:47:52,990 INFO [matplotlib.category] Using categorical units to plot a list of strings that are all parsable as floats or dates. If these strings should be plotted as numbers, cast to the appropriate data type before plotting.
2025-10-11 14:47:52,993 INFO [matplotlib.category] Using categorical units to plot a list of strings that are all parsable as floats or dates. If these strings should be plotted as numbers, cast to the appropriate data type before plotting.
2025-10-11 14:47:52,994 INFO [matplotlib.category] Using categorical units to plot a list of strings that are all parsable as floats or dates. If these strings should be plotted as numbers, cast to the appropriate data type before plotting.
2025-10-11 14:48:05,757 INFO [matplotlib.category] Using categorical units to plot a list of strings that are all parsable as floats or dates. If these strings should be plotted as numbers, cast to the appropriate data type before plotting.
2025-10-11 14:48:05,758 INFO [matplotlib.category] Using categorical units to plot a list of strings that are all parsable as floats or dates. If these strings should be plotted as numbers, cast to the appropriate data type before plotting.
2025-10-11 14:48:05,759 INFO [matplotlib.category] Using categorical units to plot a list of strings that are all parsable as floats or dates. If these strings should be plotted as numbers, cast to the appropriate data type before plotting.
2025-10-11 14:48:05,760 INFO [matplotlib.category] Using categorical units to plot a list of strings that are all parsable as floats or dates. If these strings should be plotted as numbers, cast to the appropriate data type before plotting.
2025-10-11 14:48:05,763 INFO [matplotlib.category] Using categorical units to plot a list of strings that are all parsable as floats or dates. If these strings should be plotted as numbers, cast to the appropriate data type before plotting.
2025-10-11 14:48:05,764 INFO [matplotlib.category] Using categorical units to plot a list of strings that are all parsable as floats or dates. If these strings should be plotted as numbers, cast to the appropriate data type before plotting.
2025-10-11 14:48:45,126 INFO [matplotlib.category] Using categorical units to plot a list of strings that are all parsable as floats or dates. If these strings should be plotted as numbers, cast to the appropriate data type before plotting.
2025-10-11 14:48:45,135 INFO [matplotlib.category] Using categorical units to plot a list of strings that are all parsable as floats or dates. If these strings should be plotted as numbers, cast to the appropriate data type before plotting.
2025-10-11 14:48:45,141 INFO [matplotlib.category] Using categorical units to plot a list of strings that are all parsable as floats or dates. If these strings should be plotted as numbers, cast to the appropriate data type before plotting.
2025-10-11 14:48:45,151 INFO [matplotlib.category] Using categorical units to plot a list of strings that are all parsable as floats or dates. If these strings should be plotted as numbers, cast to the appropriate data type before plotting.
2025-10-11 14:48:45,167 INFO [matplotlib.category] Using categorical units to plot a list of strings that are all parsable as floats or dates. If these strings should be plotted as numbers, cast to the appropriate data type before plotting.
2025-10-11 14:48:45,172 INFO [matplotlib.category] Using categorical units to plot a list of strings that are all parsable as floats or dates. If these strings should be plotted as numbers, cast to the appropriate data type before plotting.
2025-10-11 14:48:45,201 ERROR [root] Loop detection failed: Interface 'Wi-Fi' not found !
2025-10-11 14:48:45,214 ERROR [db] MySQL error during save_loop_detection: 1265: Data truncated for column 'status' at row 1
2025-10-11 14:48:45,225 ERROR [db] Database Error - save_loop_detection - A database error occurred during save_loop_detection. | Details: MySQL Error 1265: Data truncated for column 'status' at row 1
2025-10-11 14:48:45,242 ERROR [db] Failed to save loop detection to database
2025-10-11 14:48:54,931 INFO [matplotlib.category] Using categorical units to plot a list of strings that are all parsable as floats or dates. If these strings should be plotted as numbers, cast to the appropriate data type before plotting.
2025-10-11 14:48:54,932 INFO [matplotlib.category] Using categorical units to plot a list of strings that are all parsable as floats or dates. If these strings should be plotted as numbers, cast to the appropriate data type before plotting.
2025-10-11 14:48:54,933 INFO [matplotlib.category] Using categorical units to plot a list of strings that are all parsable as floats or dates. If these strings should be plotted as numbers, cast to the appropriate data type before plotting.
2025-10-11 14:48:54,934 INFO [matplotlib.category] Using categorical units to plot a list of strings that are all parsable as floats or dates. If these strings should be plotted as numbers, cast to the appropriate data type before plotting.
2025-10-11 14:48:54,938 INFO [matplotlib.category] Using categorical units to plot a list of strings that are all parsable as floats or dates. If these strings should be plotted as numbers, cast to the appropriate data type before plotting.
2025-10-11 14:48:54,939 INFO [matplotlib.category] Using categorical units to plot a list of strings that are all parsable as floats or dates. If these strings should be plotted as numbers, cast to the appropriate data type before plotting.
2025-10-11 14:49:00,124 INFO [matplotlib.category] Using categorical units to plot a list of strings that are all parsable as floats or dates. If these strings should be plotted as numbers, cast to the appropriate data type before plotting.
2025-10-11 14:49:00,125 INFO [matplotlib.category] Using categorical units to plot a list of strings that are all parsable as floats or dates. If these strings should be plotted as numbers, cast to the appropriate data type before plotting.
2025-10-11 14:49:00,126 INFO [matplotlib.category] Using categorical units to plot a list of strings that are all parsable as floats or dates. If these strings should be plotted as numbers, cast to the appropriate data type before plotting.
2025-10-11 14:49:00,127 INFO [matplotlib.category] Using categorical units to plot a list of strings that are all parsable as floats or dates. If these strings should be plotted as numbers, cast to the appropriate data type before plotting.
2025-10-11 14:49:00,130 INFO [matplotlib.category] Using categorical units to plot a list of strings that are all parsable as floats or dates. If these strings should be plotted as numbers, cast to the appropriate data type before plotting.
2025-10-11 14:49:00,131 INFO [matplotlib.category] Using categorical units to plot a list of strings that are all parsable as floats or dates. If these strings should be plotted as numbers, cast to the appropriate data type before plotting.
2025-10-11 14:49:13,049 INFO [matplotlib.category] Using categorical units to plot a list of strings that are all parsable as floats or dates. If these strings should be plotted as numbers, cast to the appropriate data type before plotting.
2025-10-11 14:49:13,050 INFO [matplotlib.category] Using categorical units to plot a list of strings that are all parsable as floats or dates. If these strings should be plotted as numbers, cast to the appropriate data type before plotting.
2025-10-11 14:49:13,051 INFO [matplotlib.category] Using categorical units to plot a list of strings that are all parsable as floats or dates. If these strings should be plotted as numbers, cast to the appropriate data type before plotting.
2025-10-11 14:49:13,051 INFO [matplotlib.category] Using categorical units to plot a list of strings that are all parsable as floats or dates. If these strings should be plotted as numbers, cast to the appropriate data type before plotting.
2025-10-11 14:49:13,054 INFO [matplotlib.category] Using categorical units to plot a list of strings that are all parsable as floats or dates. If these strings should be plotted as numbers, cast to the appropriate data type before plotting.
2025-10-11 14:49:13,055 INFO [matplotlib.category] Using categorical units to plot a list of strings that are all parsable as floats or dates. If these strings should be plotted as numbers, cast to the appropriate data type before plotting.
2025-10-11 14:53:25,935 INFO [matplotlib.category] Using categorical units to plot a list of strings that are all parsable as floats or dates. If these strings should be plotted as numbers, cast to the appropriate data type before plotting.
2025-10-11 14:53:25,940 INFO [matplotlib.category] Using categorical units to plot a list of strings that are all parsable as floats or dates. If these strings should be plotted as numbers, cast to the appropriate data type before plotting.
2025-10-11 14:53:25,943 INFO [matplotlib.category] Using categorical units to plot a list of strings that are all parsable as floats or dates. If these strings should be plotted as numbers, cast to the appropriate data type before plotting.
2025-10-11 14:53:25,949 INFO [matplotlib.category] Using categorical units to plot a list of strings that are all parsable as floats or dates. If these strings should be plotted as numbers, cast to the appropriate data type before plotting.
2025-10-11 14:53:25,965 INFO [matplotlib.category] Using categorical units to plot a list of strings that are all parsable as floats or dates. If these strings should be plotted as numbers, cast to the appropriate data type before plotting.
2025-10-11 14:53:25,969 INFO [matplotlib.category] Using categorical units to plot a list of strings that are all parsable as floats or dates. If these strings should be plotted as numbers, cast to the appropriate data type before plotting.
2025-10-11 14:53:26,012 ERROR [root] Loop detection failed: Interface 'Wi-Fi' not found !
2025-10-11 14:53:26,025 ERROR [db] MySQL error during save_loop_detection: 1265: Data truncated for column 'status' at row 1
2025-10-11 14:53:26,025 ERROR [db] Database Error - save_loop_detection - A database error occurred during save_loop_detection. | Details: MySQL Error 1265: Data truncated for column 'status' at row 1
2025-10-11 14:53:26,025 ERROR [db] Failed to save loop detection to database
2025-10-11 14:53:31,142 INFO [matplotlib.category] Using categorical units to plot a list of strings that are all parsable as floats or dates. If these strings should be plotted as numbers, cast to the appropriate data type before plotting.
2025-10-11 14:53:31,144 INFO [matplotlib.category] Using categorical units to plot a list of strings that are all parsable as floats or dates. If these strings should be plotted as numbers, cast to the appropriate data type before plotting.
2025-10-11 14:53:31,144 INFO [matplotlib.category] Using categorical units to plot a list of strings that are all parsable as floats or dates. If these strings should be plotted as numbers, cast to the appropriate data type before plotting.
2025-10-11 14:53:31,145 INFO [matplotlib.category] Using categorical units to plot a list of strings that are all parsable as floats or dates. If these strings should be plotted as numbers, cast to the appropriate data type before plotting.
2025-10-11 14:53:31,148 INFO [matplotlib.category] Using categorical units to plot a list of strings that are all parsable as floats or dates. If these strings should be plotted as numbers, cast to the appropriate data type before plotting.
2025-10-11 14:53:31,149 INFO [matplotlib.category] Using categorical units to plot a list of strings that are all parsable as floats or dates. If these strings should be plotted as numbers, cast to the appropriate data type before plotting.
2025-10-11 14:53:36,215 INFO [matplotlib.category] Using categorical units to plot a list of strings that are all parsable as floats or dates. If these strings should be plotted as numbers, cast to the appropriate data type before plotting.
2025-10-11 14:53:36,216 INFO [matplotlib.category] Using categorical units to plot a list of strings that are all parsable as floats or dates. If these strings should be plotted as numbers, cast to the appropriate data type before plotting.
2025-10-11 14:53:36,217 INFO [matplotlib.category] Using categorical units to plot a list of strings that are all parsable as floats or dates. If these strings should be plotted as numbers, cast to the appropriate data type before plotting.
2025-10-11 14:53:36,218 INFO [matplotlib.category] Using categorical units to plot a list of strings that are all parsable as floats or dates. If these strings should be plotted as numbers, cast to the appropriate data type before plotting.
2025-10-11 14:53:36,221 INFO [matplotlib.category] Using categorical units to plot a list of strings that are all parsable as floats or dates. If these strings should be plotted as numbers, cast to the appropriate data type before plotting.
2025-10-11 14:53:36,223 INFO [matplotlib.category] Using categorical units to plot a list of strings that are all parsable as floats or dates. If these strings should be plotted as numbers, cast to the appropriate data type before plotting.
2025-10-11 14:53:41,324 INFO [matplotlib.category] Using categorical units to plot a list of strings that are all parsable as floats or dates. If these strings should be plotted as numbers, cast to the appropriate data type before plotting.
2025-10-11 14:53:41,326 INFO [matplotlib.category] Using categorical units to plot a list of strings that are all parsable as floats or dates. If these strings should be plotted as numbers, cast to the appropriate data type before plotting.
2025-10-11 14:53:41,326 INFO [matplotlib.category] Using categorical units to plot a list of strings that are all parsable as floats or dates. If these strings should be plotted as numbers, cast to the appropriate data type before plotting.
2025-10-11 14:53:41,327 INFO [matplotlib.category] Using categorical units to plot a list of strings that are all parsable as floats or dates. If these strings should be plotted as numbers, cast to the appropriate data type before plotting.
2025-10-11 14:53:41,330 INFO [matplotlib.category] Using categorical units to plot a list of strings that are all parsable as floats or dates. If these strings should be plotted as numbers, cast to the appropriate data type before plotting.
2025-10-11 14:53:41,331 INFO [matplotlib.category] Using categorical units to plot a list of strings that are all parsable as floats or dates. If these strings should be plotted as numbers, cast to the appropriate data type before plotting.
2025-10-11 14:53:46,446 INFO [matplotlib.category] Using categorical units to plot a list of strings that are all parsable as floats or dates. If these strings should be plotted as numbers, cast to the appropriate data type before plotting.
2025-10-11 14:53:46,447 INFO [matplotlib.category] Using categorical units to plot a list of strings that are all parsable as floats or dates. If these strings should be plotted as numbers, cast to the appropriate data type before plotting.
2025-10-11 14:53:46,448 INFO [matplotlib.category] Using categorical units to plot a list of strings that are all parsable as floats or dates. If these strings should be plotted as numbers, cast to the appropriate data type before plotting.
2025-10-11 14:53:46,449 INFO [matplotlib.category] Using categorical units to plot a list of strings that are all parsable as floats or dates. If these strings should be plotted as numbers, cast to the appropriate data type before plotting.
2025-10-11 14:53:46,452 INFO [matplotlib.category] Using categorical units to plot a list of strings that are all parsable as floats or dates. If these strings should be plotted as numbers, cast to the appropriate data type before plotting.
2025-10-11 14:53:46,453 INFO [matplotlib.category] Using categorical units to plot a list of strings that are all parsable as floats or dates. If these strings should be plotted as numbers, cast to the appropriate data type before plotting.
2025-10-11 14:53:51,538 INFO [matplotlib.category] Using categorical units to plot a list of strings that are all parsable as floats or dates. If these strings should be plotted as numbers, cast to the appropriate data type before plotting.
2025-10-11 14:53:51,540 INFO [matplotlib.category] Using categorical units to plot a list of strings that are all parsable as floats or dates. If these strings should be plotted as numbers, cast to the appropriate data type before plotting.
2025-10-11 14:53:51,541 INFO [matplotlib.category] Using categorical units to plot a list of strings that are all parsable as floats or dates. If these strings should be plotted as numbers, cast to the appropriate data type before plotting.
2025-10-11 14:53:51,542 INFO [matplotlib.category] Using categorical units to plot a list of strings that are all parsable as floats or dates. If these strings should be plotted as numbers, cast to the appropriate data type before plotting.
2025-10-11 14:53:51,544 INFO [matplotlib.category] Using categorical units to plot a list of strings that are all parsable as floats or dates. If these strings should be plotted as numbers, cast to the appropriate data type before plotting.
2025-10-11 14:53:51,545 INFO [matplotlib.category] Using categorical units to plot a list of strings that are all parsable as floats or dates. If these strings should be plotted as numbers, cast to the appropriate data type before plotting.
2025-10-11 14:55:39,526 ERROR [winyfi] Tkinter callback exception:
Traceback (most recent call last):
  File "C:\Users\Consigna\AppData\Local\Programs\Python\Python313\Lib\tkinter\__init__.py", line 2068, in __call__
    return self.func(*args)
           ~~~~~~~~~^^^^^^^
  File "C:\Users\Consigna\AppData\Local\Programs\Python\Python313\Lib\tkinter\__init__.py", line 862, in callit
    func(*args)
    ~~~~^^^^^^^
  File "C:\Users\Consigna\Desktop\Winyfi\Winyfi\client_window\tabs\bandwidth_tab.py", line 286, in <lambda>
    self.root.after(0, lambda: finish(False, f"Connection error: {e}"))
                                                                  ^
NameError: cannot access free variable 'e' where it is not associated with a value in enclosing scope

2025-10-11 15:02:21,765 ERROR [winyfi] Tkinter callback exception:
Traceback (most recent call last):
  File "C:\Users\Consigna\AppData\Local\Programs\Python\Python313\Lib\tkinter\__init__.py", line 2068, in __call__
    return self.func(*args)
           ~~~~~~~~~^^^^^^^
  File "C:\Users\Consigna\Desktop\Winyfi\Winyfi\notification_ui.py", line 340, in _on_mousewheel
    self.canvas.yview_scroll(int(-1*(event.delta/120)), "units")
    ~~~~~~~~~~~~~~~~~~~~~~~~^^^^^^^^^^^^^^^^^^^^^^^^^^^^^^^^^^^^
  File "C:\Users\Consigna\AppData\Local\Programs\Python\Python313\Lib\tkinter\__init__.py", line 2114, in yview_scroll
    self.tk.call(self._w, 'yview', 'scroll', number, what)
    ~~~~~~~~~~~~^^^^^^^^^^^^^^^^^^^^^^^^^^^^^^^^^^^^^^^^^^
_tkinter.TclError: invalid command name ".!toplevel.!toplevel.!frame.!frame2.!canvas"

2025-10-11 15:02:21,812 ERROR [winyfi] Tkinter callback exception:
Traceback (most recent call last):
  File "C:\Users\Consigna\AppData\Local\Programs\Python\Python313\Lib\tkinter\__init__.py", line 2068, in __call__
    return self.func(*args)
           ~~~~~~~~~^^^^^^^
  File "C:\Users\Consigna\Desktop\Winyfi\Winyfi\notification_ui.py", line 340, in _on_mousewheel
    self.canvas.yview_scroll(int(-1*(event.delta/120)), "units")
    ~~~~~~~~~~~~~~~~~~~~~~~~^^^^^^^^^^^^^^^^^^^^^^^^^^^^^^^^^^^^
  File "C:\Users\Consigna\AppData\Local\Programs\Python\Python313\Lib\tkinter\__init__.py", line 2114, in yview_scroll
    self.tk.call(self._w, 'yview', 'scroll', number, what)
    ~~~~~~~~~~~~^^^^^^^^^^^^^^^^^^^^^^^^^^^^^^^^^^^^^^^^^^
_tkinter.TclError: invalid command name ".!toplevel.!toplevel.!frame.!frame2.!canvas"

During handling of the above exception, another exception occurred:

Traceback (most recent call last):
  File "C:\Users\Consigna\AppData\Local\Programs\Python\Python313\Lib\tkinter\__init__.py", line 2068, in __call__
    return self.func(*args)
           ~~~~~~~~~^^^^^^^
  File "C:\Users\Consigna\Desktop\Winyfi\Winyfi\notification_ui.py", line 340, in _on_mousewheel
    self.canvas.yview_scroll(int(-1*(event.delta/120)), "units")
    ~~~~~~~~~~~~~~~~~~~~~~~~^^^^^^^^^^^^^^^^^^^^^^^^^^^^^^^^^^^^
  File "C:\Users\Consigna\AppData\Local\Programs\Python\Python313\Lib\tkinter\__init__.py", line 2114, in yview_scroll
    self.tk.call(self._w, 'yview', 'scroll', number, what)
    ~~~~~~~~~~~~^^^^^^^^^^^^^^^^^^^^^^^^^^^^^^^^^^^^^^^^^^
_tkinter.TclError: invalid command name ".!toplevel.!toplevel.!frame.!frame2.!canvas"

2025-10-11 15:02:21,839 ERROR [winyfi] Tkinter callback exception:
Traceback (most recent call last):
  File "C:\Users\Consigna\AppData\Local\Programs\Python\Python313\Lib\tkinter\__init__.py", line 2068, in __call__
    return self.func(*args)
           ~~~~~~~~~^^^^^^^
  File "C:\Users\Consigna\Desktop\Winyfi\Winyfi\notification_ui.py", line 340, in _on_mousewheel
    self.canvas.yview_scroll(int(-1*(event.delta/120)), "units")
    ~~~~~~~~~~~~~~~~~~~~~~~~^^^^^^^^^^^^^^^^^^^^^^^^^^^^^^^^^^^^
  File "C:\Users\Consigna\AppData\Local\Programs\Python\Python313\Lib\tkinter\__init__.py", line 2114, in yview_scroll
    self.tk.call(self._w, 'yview', 'scroll', number, what)
    ~~~~~~~~~~~~^^^^^^^^^^^^^^^^^^^^^^^^^^^^^^^^^^^^^^^^^^
_tkinter.TclError: invalid command name ".!toplevel.!toplevel.!frame.!frame2.!canvas"

During handling of the above exception, another exception occurred:

Traceback (most recent call last):
  File "C:\Users\Consigna\AppData\Local\Programs\Python\Python313\Lib\tkinter\__init__.py", line 2068, in __call__
    return self.func(*args)
           ~~~~~~~~~^^^^^^^
  File "C:\Users\Consigna\Desktop\Winyfi\Winyfi\notification_ui.py", line 340, in _on_mousewheel
    self.canvas.yview_scroll(int(-1*(event.delta/120)), "units")
    ~~~~~~~~~~~~~~~~~~~~~~~~^^^^^^^^^^^^^^^^^^^^^^^^^^^^^^^^^^^^
  File "C:\Users\Consigna\AppData\Local\Programs\Python\Python313\Lib\tkinter\__init__.py", line 2114, in yview_scroll
    self.tk.call(self._w, 'yview', 'scroll', number, what)
    ~~~~~~~~~~~~^^^^^^^^^^^^^^^^^^^^^^^^^^^^^^^^^^^^^^^^^^
_tkinter.TclError: invalid command name ".!toplevel.!toplevel.!frame.!frame2.!canvas"

During handling of the above exception, another exception occurred:

Traceback (most recent call last):
  File "C:\Users\Consigna\AppData\Local\Programs\Python\Python313\Lib\tkinter\__init__.py", line 2068, in __call__
    return self.func(*args)
           ~~~~~~~~~^^^^^^^
  File "C:\Users\Consigna\Desktop\Winyfi\Winyfi\notification_ui.py", line 340, in _on_mousewheel
    self.canvas.yview_scroll(int(-1*(event.delta/120)), "units")
    ~~~~~~~~~~~~~~~~~~~~~~~~^^^^^^^^^^^^^^^^^^^^^^^^^^^^^^^^^^^^
  File "C:\Users\Consigna\AppData\Local\Programs\Python\Python313\Lib\tkinter\__init__.py", line 2114, in yview_scroll
    self.tk.call(self._w, 'yview', 'scroll', number, what)
    ~~~~~~~~~~~~^^^^^^^^^^^^^^^^^^^^^^^^^^^^^^^^^^^^^^^^^^
_tkinter.TclError: invalid command name ".!toplevel.!toplevel.!frame.!frame2.!canvas"

2025-10-11 15:02:21,888 ERROR [winyfi] Tkinter callback exception:
Traceback (most recent call last):
  File "C:\Users\Consigna\AppData\Local\Programs\Python\Python313\Lib\tkinter\__init__.py", line 2068, in __call__
    return self.func(*args)
           ~~~~~~~~~^^^^^^^
  File "C:\Users\Consigna\Desktop\Winyfi\Winyfi\notification_ui.py", line 340, in _on_mousewheel
    self.canvas.yview_scroll(int(-1*(event.delta/120)), "units")
    ~~~~~~~~~~~~~~~~~~~~~~~~^^^^^^^^^^^^^^^^^^^^^^^^^^^^^^^^^^^^
  File "C:\Users\Consigna\AppData\Local\Programs\Python\Python313\Lib\tkinter\__init__.py", line 2114, in yview_scroll
    self.tk.call(self._w, 'yview', 'scroll', number, what)
    ~~~~~~~~~~~~^^^^^^^^^^^^^^^^^^^^^^^^^^^^^^^^^^^^^^^^^^
_tkinter.TclError: invalid command name ".!toplevel.!toplevel.!frame.!frame2.!canvas"

During handling of the above exception, another exception occurred:

Traceback (most recent call last):
  File "C:\Users\Consigna\AppData\Local\Programs\Python\Python313\Lib\tkinter\__init__.py", line 2068, in __call__
    return self.func(*args)
           ~~~~~~~~~^^^^^^^
  File "C:\Users\Consigna\Desktop\Winyfi\Winyfi\notification_ui.py", line 340, in _on_mousewheel
    self.canvas.yview_scroll(int(-1*(event.delta/120)), "units")
    ~~~~~~~~~~~~~~~~~~~~~~~~^^^^^^^^^^^^^^^^^^^^^^^^^^^^^^^^^^^^
  File "C:\Users\Consigna\AppData\Local\Programs\Python\Python313\Lib\tkinter\__init__.py", line 2114, in yview_scroll
    self.tk.call(self._w, 'yview', 'scroll', number, what)
    ~~~~~~~~~~~~^^^^^^^^^^^^^^^^^^^^^^^^^^^^^^^^^^^^^^^^^^
_tkinter.TclError: invalid command name ".!toplevel.!toplevel.!frame.!frame2.!canvas"

During handling of the above exception, another exception occurred:

Traceback (most recent call last):
  File "C:\Users\Consigna\AppData\Local\Programs\Python\Python313\Lib\tkinter\__init__.py", line 2068, in __call__
    return self.func(*args)
           ~~~~~~~~~^^^^^^^
  File "C:\Users\Consigna\Desktop\Winyfi\Winyfi\notification_ui.py", line 340, in _on_mousewheel
    self.canvas.yview_scroll(int(-1*(event.delta/120)), "units")
    ~~~~~~~~~~~~~~~~~~~~~~~~^^^^^^^^^^^^^^^^^^^^^^^^^^^^^^^^^^^^
  File "C:\Users\Consigna\AppData\Local\Programs\Python\Python313\Lib\tkinter\__init__.py", line 2114, in yview_scroll
    self.tk.call(self._w, 'yview', 'scroll', number, what)
    ~~~~~~~~~~~~^^^^^^^^^^^^^^^^^^^^^^^^^^^^^^^^^^^^^^^^^^
_tkinter.TclError: invalid command name ".!toplevel.!toplevel.!frame.!frame2.!canvas"

During handling of the above exception, another exception occurred:

Traceback (most recent call last):
  File "C:\Users\Consigna\AppData\Local\Programs\Python\Python313\Lib\tkinter\__init__.py", line 2068, in __call__
    return self.func(*args)
           ~~~~~~~~~^^^^^^^
  File "C:\Users\Consigna\Desktop\Winyfi\Winyfi\notification_ui.py", line 340, in _on_mousewheel
    self.canvas.yview_scroll(int(-1*(event.delta/120)), "units")
    ~~~~~~~~~~~~~~~~~~~~~~~~^^^^^^^^^^^^^^^^^^^^^^^^^^^^^^^^^^^^
  File "C:\Users\Consigna\AppData\Local\Programs\Python\Python313\Lib\tkinter\__init__.py", line 2114, in yview_scroll
    self.tk.call(self._w, 'yview', 'scroll', number, what)
    ~~~~~~~~~~~~^^^^^^^^^^^^^^^^^^^^^^^^^^^^^^^^^^^^^^^^^^
_tkinter.TclError: invalid command name ".!toplevel.!toplevel.!frame.!frame2.!canvas"

2025-10-11 15:19:41,757 ERROR [winyfi] Tkinter callback exception:
Traceback (most recent call last):
  File "C:\Users\Consigna\AppData\Local\Programs\Python\Python313\Lib\tkinter\__init__.py", line 2068, in __call__
    return self.func(*args)
           ~~~~~~~~~^^^^^^^
  File "C:\Users\Consigna\AppData\Local\Programs\Python\Python313\Lib\tkinter\__init__.py", line 862, in callit
    func(*args)
    ~~~~^^^^^^^
  File "C:\Users\Consigna\Desktop\Winyfi\Winyfi\client_window\tabs\bandwidth_tab.py", line 286, in <lambda>
    self.root.after(0, lambda: finish(False, f"Connection error: {e}"))
                                                                  ^
NameError: cannot access free variable 'e' where it is not associated with a value in enclosing scope

2025-10-11 15:44:54,493 ERROR [winyfi] Tkinter callback exception:
Traceback (most recent call last):
  File "C:\Users\Consigna\AppData\Local\Programs\Python\Python313\Lib\tkinter\__init__.py", line 2068, in __call__
    return self.func(*args)
           ~~~~~~~~~^^^^^^^
  File "C:\Users\Consigna\AppData\Local\Programs\Python\Python313\Lib\tkinter\__init__.py", line 862, in callit
    func(*args)
    ~~~~^^^^^^^
  File "C:\Users\Consigna\Desktop\Winyfi\Winyfi\login.py", line 43, in <lambda>
    root.after(0, lambda: callback(ok))
                          ~~~~~~~~^^^^
  File "C:\Users\Consigna\Desktop\Winyfi\Winyfi\login.py", line 159, in _on_result
    server_status_label.config(text="🟢 Server: Online", foreground="green")
    ~~~~~~~~~~~~~~~~~~~~~~~~~~^^^^^^^^^^^^^^^^^^^^^^^^^^^^^^^^^^^^^^^^^^^^^^
  File "C:\Users\Consigna\Desktop\Winyfi\Winyfi\.venv\Lib\site-packages\ttkbootstrap\style.py", line 5003, in configure
    func(self, cnf, **kwargs)
    ~~~~^^^^^^^^^^^^^^^^^^^^^
  File "C:\Users\Consigna\AppData\Local\Programs\Python\Python313\Lib\tkinter\__init__.py", line 1822, in configure
    return self._configure('configure', cnf, kw)
           ~~~~~~~~~~~~~~~^^^^^^^^^^^^^^^^^^^^^^
  File "C:\Users\Consigna\AppData\Local\Programs\Python\Python313\Lib\tkinter\__init__.py", line 1812, in _configure
    self.tk.call(_flatten((self._w, cmd)) + self._options(cnf))
    ~~~~~~~~~~~~^^^^^^^^^^^^^^^^^^^^^^^^^^^^^^^^^^^^^^^^^^^^^^^
_tkinter.TclError: invalid command name ".!frame.!frame.!label"

2025-10-11 15:45:04,976 ERROR [winyfi] Uncaught exception:
Traceback (most recent call last):
  File "C:\Users\Consigna\Desktop\Winyfi\Winyfi\main.py", line 154, in <module>
    root.mainloop()
    ~~~~~~~~~~~~~^^
  File "C:\Users\Consigna\AppData\Local\Programs\Python\Python313\Lib\tkinter\__init__.py", line 1599, in mainloop
    self.tk.mainloop(n)
    ~~~~~~~~~~~~~~~~^^^
KeyboardInterrupt

2025-10-11 15:47:34,614 INFO [matplotlib.category] Using categorical units to plot a list of strings that are all parsable as floats or dates. If these strings should be plotted as numbers, cast to the appropriate data type before plotting.
2025-10-11 15:47:34,617 INFO [matplotlib.category] Using categorical units to plot a list of strings that are all parsable as floats or dates. If these strings should be plotted as numbers, cast to the appropriate data type before plotting.
2025-10-11 15:47:34,619 INFO [matplotlib.category] Using categorical units to plot a list of strings that are all parsable as floats or dates. If these strings should be plotted as numbers, cast to the appropriate data type before plotting.
2025-10-11 15:47:34,623 INFO [matplotlib.category] Using categorical units to plot a list of strings that are all parsable as floats or dates. If these strings should be plotted as numbers, cast to the appropriate data type before plotting.
2025-10-11 15:47:34,629 INFO [matplotlib.category] Using categorical units to plot a list of strings that are all parsable as floats or dates. If these strings should be plotted as numbers, cast to the appropriate data type before plotting.
2025-10-11 15:47:34,631 INFO [matplotlib.category] Using categorical units to plot a list of strings that are all parsable as floats or dates. If these strings should be plotted as numbers, cast to the appropriate data type before plotting.
2025-10-11 15:47:34,680 ERROR [root] Loop detection failed: Interface 'Wi-Fi' not found !
2025-10-11 15:47:34,691 ERROR [db] MySQL error during save_loop_detection: 1265: Data truncated for column 'status' at row 1
2025-10-11 15:47:34,692 ERROR [db] Database Error - save_loop_detection - A database error occurred during save_loop_detection. | Details: MySQL Error 1265: Data truncated for column 'status' at row 1
2025-10-11 15:47:34,693 ERROR [db] Failed to save loop detection to database
2025-10-11 15:47:39,803 INFO [matplotlib.category] Using categorical units to plot a list of strings that are all parsable as floats or dates. If these strings should be plotted as numbers, cast to the appropriate data type before plotting.
2025-10-11 15:47:39,804 INFO [matplotlib.category] Using categorical units to plot a list of strings that are all parsable as floats or dates. If these strings should be plotted as numbers, cast to the appropriate data type before plotting.
2025-10-11 15:47:39,804 INFO [matplotlib.category] Using categorical units to plot a list of strings that are all parsable as floats or dates. If these strings should be plotted as numbers, cast to the appropriate data type before plotting.
2025-10-11 15:47:39,805 INFO [matplotlib.category] Using categorical units to plot a list of strings that are all parsable as floats or dates. If these strings should be plotted as numbers, cast to the appropriate data type before plotting.
2025-10-11 15:47:39,808 INFO [matplotlib.category] Using categorical units to plot a list of strings that are all parsable as floats or dates. If these strings should be plotted as numbers, cast to the appropriate data type before plotting.
2025-10-11 15:47:39,808 INFO [matplotlib.category] Using categorical units to plot a list of strings that are all parsable as floats or dates. If these strings should be plotted as numbers, cast to the appropriate data type before plotting.
2025-10-11 15:47:44,931 INFO [matplotlib.category] Using categorical units to plot a list of strings that are all parsable as floats or dates. If these strings should be plotted as numbers, cast to the appropriate data type before plotting.
2025-10-11 15:47:44,933 INFO [matplotlib.category] Using categorical units to plot a list of strings that are all parsable as floats or dates. If these strings should be plotted as numbers, cast to the appropriate data type before plotting.
2025-10-11 15:47:44,934 INFO [matplotlib.category] Using categorical units to plot a list of strings that are all parsable as floats or dates. If these strings should be plotted as numbers, cast to the appropriate data type before plotting.
2025-10-11 15:47:44,936 INFO [matplotlib.category] Using categorical units to plot a list of strings that are all parsable as floats or dates. If these strings should be plotted as numbers, cast to the appropriate data type before plotting.
2025-10-11 15:47:44,939 INFO [matplotlib.category] Using categorical units to plot a list of strings that are all parsable as floats or dates. If these strings should be plotted as numbers, cast to the appropriate data type before plotting.
2025-10-11 15:47:44,941 INFO [matplotlib.category] Using categorical units to plot a list of strings that are all parsable as floats or dates. If these strings should be plotted as numbers, cast to the appropriate data type before plotting.
2025-10-11 15:47:50,029 INFO [matplotlib.category] Using categorical units to plot a list of strings that are all parsable as floats or dates. If these strings should be plotted as numbers, cast to the appropriate data type before plotting.
2025-10-11 15:47:50,030 INFO [matplotlib.category] Using categorical units to plot a list of strings that are all parsable as floats or dates. If these strings should be plotted as numbers, cast to the appropriate data type before plotting.
2025-10-11 15:47:50,031 INFO [matplotlib.category] Using categorical units to plot a list of strings that are all parsable as floats or dates. If these strings should be plotted as numbers, cast to the appropriate data type before plotting.
2025-10-11 15:47:50,032 INFO [matplotlib.category] Using categorical units to plot a list of strings that are all parsable as floats or dates. If these strings should be plotted as numbers, cast to the appropriate data type before plotting.
2025-10-11 15:47:50,034 INFO [matplotlib.category] Using categorical units to plot a list of strings that are all parsable as floats or dates. If these strings should be plotted as numbers, cast to the appropriate data type before plotting.
2025-10-11 15:47:50,036 INFO [matplotlib.category] Using categorical units to plot a list of strings that are all parsable as floats or dates. If these strings should be plotted as numbers, cast to the appropriate data type before plotting.
2025-10-11 15:47:55,138 INFO [matplotlib.category] Using categorical units to plot a list of strings that are all parsable as floats or dates. If these strings should be plotted as numbers, cast to the appropriate data type before plotting.
2025-10-11 15:47:55,139 INFO [matplotlib.category] Using categorical units to plot a list of strings that are all parsable as floats or dates. If these strings should be plotted as numbers, cast to the appropriate data type before plotting.
2025-10-11 15:47:55,139 INFO [matplotlib.category] Using categorical units to plot a list of strings that are all parsable as floats or dates. If these strings should be plotted as numbers, cast to the appropriate data type before plotting.
2025-10-11 15:47:55,140 INFO [matplotlib.category] Using categorical units to plot a list of strings that are all parsable as floats or dates. If these strings should be plotted as numbers, cast to the appropriate data type before plotting.
2025-10-11 15:47:55,143 INFO [matplotlib.category] Using categorical units to plot a list of strings that are all parsable as floats or dates. If these strings should be plotted as numbers, cast to the appropriate data type before plotting.
2025-10-11 15:47:55,143 INFO [matplotlib.category] Using categorical units to plot a list of strings that are all parsable as floats or dates. If these strings should be plotted as numbers, cast to the appropriate data type before plotting.
2025-10-11 15:48:00,247 INFO [matplotlib.category] Using categorical units to plot a list of strings that are all parsable as floats or dates. If these strings should be plotted as numbers, cast to the appropriate data type before plotting.
2025-10-11 15:48:00,248 INFO [matplotlib.category] Using categorical units to plot a list of strings that are all parsable as floats or dates. If these strings should be plotted as numbers, cast to the appropriate data type before plotting.
2025-10-11 15:48:00,249 INFO [matplotlib.category] Using categorical units to plot a list of strings that are all parsable as floats or dates. If these strings should be plotted as numbers, cast to the appropriate data type before plotting.
2025-10-11 15:48:00,250 INFO [matplotlib.category] Using categorical units to plot a list of strings that are all parsable as floats or dates. If these strings should be plotted as numbers, cast to the appropriate data type before plotting.
2025-10-11 15:48:00,253 INFO [matplotlib.category] Using categorical units to plot a list of strings that are all parsable as floats or dates. If these strings should be plotted as numbers, cast to the appropriate data type before plotting.
2025-10-11 15:48:00,254 INFO [matplotlib.category] Using categorical units to plot a list of strings that are all parsable as floats or dates. If these strings should be plotted as numbers, cast to the appropriate data type before plotting.
2025-10-11 15:48:04,798 INFO [matplotlib.category] Using categorical units to plot a list of strings that are all parsable as floats or dates. If these strings should be plotted as numbers, cast to the appropriate data type before plotting.
2025-10-11 15:48:04,799 INFO [matplotlib.category] Using categorical units to plot a list of strings that are all parsable as floats or dates. If these strings should be plotted as numbers, cast to the appropriate data type before plotting.
2025-10-11 15:48:04,800 INFO [matplotlib.category] Using categorical units to plot a list of strings that are all parsable as floats or dates. If these strings should be plotted as numbers, cast to the appropriate data type before plotting.
2025-10-11 15:48:04,800 INFO [matplotlib.category] Using categorical units to plot a list of strings that are all parsable as floats or dates. If these strings should be plotted as numbers, cast to the appropriate data type before plotting.
2025-10-11 15:48:04,803 INFO [matplotlib.category] Using categorical units to plot a list of strings that are all parsable as floats or dates. If these strings should be plotted as numbers, cast to the appropriate data type before plotting.
2025-10-11 15:48:04,806 INFO [matplotlib.category] Using categorical units to plot a list of strings that are all parsable as floats or dates. If these strings should be plotted as numbers, cast to the appropriate data type before plotting.
2025-10-11 15:48:09,910 INFO [matplotlib.category] Using categorical units to plot a list of strings that are all parsable as floats or dates. If these strings should be plotted as numbers, cast to the appropriate data type before plotting.
2025-10-11 15:48:09,911 INFO [matplotlib.category] Using categorical units to plot a list of strings that are all parsable as floats or dates. If these strings should be plotted as numbers, cast to the appropriate data type before plotting.
2025-10-11 15:48:09,912 INFO [matplotlib.category] Using categorical units to plot a list of strings that are all parsable as floats or dates. If these strings should be plotted as numbers, cast to the appropriate data type before plotting.
2025-10-11 15:48:09,913 INFO [matplotlib.category] Using categorical units to plot a list of strings that are all parsable as floats or dates. If these strings should be plotted as numbers, cast to the appropriate data type before plotting.
2025-10-11 15:48:09,916 INFO [matplotlib.category] Using categorical units to plot a list of strings that are all parsable as floats or dates. If these strings should be plotted as numbers, cast to the appropriate data type before plotting.
2025-10-11 15:48:09,917 INFO [matplotlib.category] Using categorical units to plot a list of strings that are all parsable as floats or dates. If these strings should be plotted as numbers, cast to the appropriate data type before plotting.
2025-10-11 15:48:15,025 INFO [matplotlib.category] Using categorical units to plot a list of strings that are all parsable as floats or dates. If these strings should be plotted as numbers, cast to the appropriate data type before plotting.
2025-10-11 15:48:15,026 INFO [matplotlib.category] Using categorical units to plot a list of strings that are all parsable as floats or dates. If these strings should be plotted as numbers, cast to the appropriate data type before plotting.
2025-10-11 15:48:15,028 INFO [matplotlib.category] Using categorical units to plot a list of strings that are all parsable as floats or dates. If these strings should be plotted as numbers, cast to the appropriate data type before plotting.
2025-10-11 15:48:15,030 INFO [matplotlib.category] Using categorical units to plot a list of strings that are all parsable as floats or dates. If these strings should be plotted as numbers, cast to the appropriate data type before plotting.
2025-10-11 15:48:15,035 INFO [matplotlib.category] Using categorical units to plot a list of strings that are all parsable as floats or dates. If these strings should be plotted as numbers, cast to the appropriate data type before plotting.
2025-10-11 15:48:15,056 INFO [matplotlib.category] Using categorical units to plot a list of strings that are all parsable as floats or dates. If these strings should be plotted as numbers, cast to the appropriate data type before plotting.
2025-10-11 15:48:20,180 INFO [matplotlib.category] Using categorical units to plot a list of strings that are all parsable as floats or dates. If these strings should be plotted as numbers, cast to the appropriate data type before plotting.
2025-10-11 15:48:20,181 INFO [matplotlib.category] Using categorical units to plot a list of strings that are all parsable as floats or dates. If these strings should be plotted as numbers, cast to the appropriate data type before plotting.
2025-10-11 15:48:20,182 INFO [matplotlib.category] Using categorical units to plot a list of strings that are all parsable as floats or dates. If these strings should be plotted as numbers, cast to the appropriate data type before plotting.
2025-10-11 15:48:20,183 INFO [matplotlib.category] Using categorical units to plot a list of strings that are all parsable as floats or dates. If these strings should be plotted as numbers, cast to the appropriate data type before plotting.
2025-10-11 15:48:20,187 INFO [matplotlib.category] Using categorical units to plot a list of strings that are all parsable as floats or dates. If these strings should be plotted as numbers, cast to the appropriate data type before plotting.
2025-10-11 15:48:20,188 INFO [matplotlib.category] Using categorical units to plot a list of strings that are all parsable as floats or dates. If these strings should be plotted as numbers, cast to the appropriate data type before plotting.
2025-10-11 15:48:25,301 INFO [matplotlib.category] Using categorical units to plot a list of strings that are all parsable as floats or dates. If these strings should be plotted as numbers, cast to the appropriate data type before plotting.
2025-10-11 15:48:25,302 INFO [matplotlib.category] Using categorical units to plot a list of strings that are all parsable as floats or dates. If these strings should be plotted as numbers, cast to the appropriate data type before plotting.
2025-10-11 15:48:25,304 INFO [matplotlib.category] Using categorical units to plot a list of strings that are all parsable as floats or dates. If these strings should be plotted as numbers, cast to the appropriate data type before plotting.
2025-10-11 15:48:25,305 INFO [matplotlib.category] Using categorical units to plot a list of strings that are all parsable as floats or dates. If these strings should be plotted as numbers, cast to the appropriate data type before plotting.
2025-10-11 15:48:25,308 INFO [matplotlib.category] Using categorical units to plot a list of strings that are all parsable as floats or dates. If these strings should be plotted as numbers, cast to the appropriate data type before plotting.
2025-10-11 15:48:25,309 INFO [matplotlib.category] Using categorical units to plot a list of strings that are all parsable as floats or dates. If these strings should be plotted as numbers, cast to the appropriate data type before plotting.
2025-10-11 15:48:30,429 INFO [matplotlib.category] Using categorical units to plot a list of strings that are all parsable as floats or dates. If these strings should be plotted as numbers, cast to the appropriate data type before plotting.
2025-10-11 15:48:30,430 INFO [matplotlib.category] Using categorical units to plot a list of strings that are all parsable as floats or dates. If these strings should be plotted as numbers, cast to the appropriate data type before plotting.
2025-10-11 15:48:30,432 INFO [matplotlib.category] Using categorical units to plot a list of strings that are all parsable as floats or dates. If these strings should be plotted as numbers, cast to the appropriate data type before plotting.
2025-10-11 15:48:30,433 INFO [matplotlib.category] Using categorical units to plot a list of strings that are all parsable as floats or dates. If these strings should be plotted as numbers, cast to the appropriate data type before plotting.
2025-10-11 15:48:30,436 INFO [matplotlib.category] Using categorical units to plot a list of strings that are all parsable as floats or dates. If these strings should be plotted as numbers, cast to the appropriate data type before plotting.
2025-10-11 15:48:30,437 INFO [matplotlib.category] Using categorical units to plot a list of strings that are all parsable as floats or dates. If these strings should be plotted as numbers, cast to the appropriate data type before plotting.
2025-10-11 15:48:34,892 INFO [matplotlib.category] Using categorical units to plot a list of strings that are all parsable as floats or dates. If these strings should be plotted as numbers, cast to the appropriate data type before plotting.
2025-10-11 15:48:34,894 INFO [matplotlib.category] Using categorical units to plot a list of strings that are all parsable as floats or dates. If these strings should be plotted as numbers, cast to the appropriate data type before plotting.
2025-10-11 15:48:34,895 INFO [matplotlib.category] Using categorical units to plot a list of strings that are all parsable as floats or dates. If these strings should be plotted as numbers, cast to the appropriate data type before plotting.
2025-10-11 15:48:34,896 INFO [matplotlib.category] Using categorical units to plot a list of strings that are all parsable as floats or dates. If these strings should be plotted as numbers, cast to the appropriate data type before plotting.
2025-10-11 15:48:34,898 INFO [matplotlib.category] Using categorical units to plot a list of strings that are all parsable as floats or dates. If these strings should be plotted as numbers, cast to the appropriate data type before plotting.
2025-10-11 15:48:34,899 INFO [matplotlib.category] Using categorical units to plot a list of strings that are all parsable as floats or dates. If these strings should be plotted as numbers, cast to the appropriate data type before plotting.
2025-10-11 15:48:40,020 INFO [matplotlib.category] Using categorical units to plot a list of strings that are all parsable as floats or dates. If these strings should be plotted as numbers, cast to the appropriate data type before plotting.
2025-10-11 15:48:40,021 INFO [matplotlib.category] Using categorical units to plot a list of strings that are all parsable as floats or dates. If these strings should be plotted as numbers, cast to the appropriate data type before plotting.
2025-10-11 15:48:40,022 INFO [matplotlib.category] Using categorical units to plot a list of strings that are all parsable as floats or dates. If these strings should be plotted as numbers, cast to the appropriate data type before plotting.
2025-10-11 15:48:40,023 INFO [matplotlib.category] Using categorical units to plot a list of strings that are all parsable as floats or dates. If these strings should be plotted as numbers, cast to the appropriate data type before plotting.
2025-10-11 15:48:40,025 INFO [matplotlib.category] Using categorical units to plot a list of strings that are all parsable as floats or dates. If these strings should be plotted as numbers, cast to the appropriate data type before plotting.
2025-10-11 15:48:40,026 INFO [matplotlib.category] Using categorical units to plot a list of strings that are all parsable as floats or dates. If these strings should be plotted as numbers, cast to the appropriate data type before plotting.
2025-10-11 15:48:45,138 INFO [matplotlib.category] Using categorical units to plot a list of strings that are all parsable as floats or dates. If these strings should be plotted as numbers, cast to the appropriate data type before plotting.
2025-10-11 15:48:45,238 INFO [matplotlib.category] Using categorical units to plot a list of strings that are all parsable as floats or dates. If these strings should be plotted as numbers, cast to the appropriate data type before plotting.
2025-10-11 15:48:45,255 INFO [matplotlib.category] Using categorical units to plot a list of strings that are all parsable as floats or dates. If these strings should be plotted as numbers, cast to the appropriate data type before plotting.
2025-10-11 15:48:45,276 INFO [matplotlib.category] Using categorical units to plot a list of strings that are all parsable as floats or dates. If these strings should be plotted as numbers, cast to the appropriate data type before plotting.
2025-10-11 15:48:45,300 INFO [matplotlib.category] Using categorical units to plot a list of strings that are all parsable as floats or dates. If these strings should be plotted as numbers, cast to the appropriate data type before plotting.
2025-10-11 15:48:45,349 INFO [matplotlib.category] Using categorical units to plot a list of strings that are all parsable as floats or dates. If these strings should be plotted as numbers, cast to the appropriate data type before plotting.
2025-10-11 15:48:50,476 INFO [matplotlib.category] Using categorical units to plot a list of strings that are all parsable as floats or dates. If these strings should be plotted as numbers, cast to the appropriate data type before plotting.
2025-10-11 15:48:50,477 INFO [matplotlib.category] Using categorical units to plot a list of strings that are all parsable as floats or dates. If these strings should be plotted as numbers, cast to the appropriate data type before plotting.
2025-10-11 15:48:50,478 INFO [matplotlib.category] Using categorical units to plot a list of strings that are all parsable as floats or dates. If these strings should be plotted as numbers, cast to the appropriate data type before plotting.
2025-10-11 15:48:50,478 INFO [matplotlib.category] Using categorical units to plot a list of strings that are all parsable as floats or dates. If these strings should be plotted as numbers, cast to the appropriate data type before plotting.
2025-10-11 15:48:50,481 INFO [matplotlib.category] Using categorical units to plot a list of strings that are all parsable as floats or dates. If these strings should be plotted as numbers, cast to the appropriate data type before plotting.
2025-10-11 15:48:50,483 INFO [matplotlib.category] Using categorical units to plot a list of strings that are all parsable as floats or dates. If these strings should be plotted as numbers, cast to the appropriate data type before plotting.
2025-10-11 15:48:55,672 INFO [matplotlib.category] Using categorical units to plot a list of strings that are all parsable as floats or dates. If these strings should be plotted as numbers, cast to the appropriate data type before plotting.
2025-10-11 15:48:55,678 INFO [matplotlib.category] Using categorical units to plot a list of strings that are all parsable as floats or dates. If these strings should be plotted as numbers, cast to the appropriate data type before plotting.
2025-10-11 15:48:55,687 INFO [matplotlib.category] Using categorical units to plot a list of strings that are all parsable as floats or dates. If these strings should be plotted as numbers, cast to the appropriate data type before plotting.
2025-10-11 15:48:55,708 INFO [matplotlib.category] Using categorical units to plot a list of strings that are all parsable as floats or dates. If these strings should be plotted as numbers, cast to the appropriate data type before plotting.
2025-10-11 15:48:55,718 INFO [matplotlib.category] Using categorical units to plot a list of strings that are all parsable as floats or dates. If these strings should be plotted as numbers, cast to the appropriate data type before plotting.
2025-10-11 15:48:55,725 INFO [matplotlib.category] Using categorical units to plot a list of strings that are all parsable as floats or dates. If these strings should be plotted as numbers, cast to the appropriate data type before plotting.
2025-10-11 15:49:00,854 INFO [matplotlib.category] Using categorical units to plot a list of strings that are all parsable as floats or dates. If these strings should be plotted as numbers, cast to the appropriate data type before plotting.
2025-10-11 15:49:00,855 INFO [matplotlib.category] Using categorical units to plot a list of strings that are all parsable as floats or dates. If these strings should be plotted as numbers, cast to the appropriate data type before plotting.
2025-10-11 15:49:00,856 INFO [matplotlib.category] Using categorical units to plot a list of strings that are all parsable as floats or dates. If these strings should be plotted as numbers, cast to the appropriate data type before plotting.
2025-10-11 15:49:00,857 INFO [matplotlib.category] Using categorical units to plot a list of strings that are all parsable as floats or dates. If these strings should be plotted as numbers, cast to the appropriate data type before plotting.
2025-10-11 15:49:00,860 INFO [matplotlib.category] Using categorical units to plot a list of strings that are all parsable as floats or dates. If these strings should be plotted as numbers, cast to the appropriate data type before plotting.
2025-10-11 15:49:00,861 INFO [matplotlib.category] Using categorical units to plot a list of strings that are all parsable as floats or dates. If these strings should be plotted as numbers, cast to the appropriate data type before plotting.
2025-10-11 15:49:05,036 INFO [matplotlib.category] Using categorical units to plot a list of strings that are all parsable as floats or dates. If these strings should be plotted as numbers, cast to the appropriate data type before plotting.
2025-10-11 15:49:05,038 INFO [matplotlib.category] Using categorical units to plot a list of strings that are all parsable as floats or dates. If these strings should be plotted as numbers, cast to the appropriate data type before plotting.
2025-10-11 15:49:05,038 INFO [matplotlib.category] Using categorical units to plot a list of strings that are all parsable as floats or dates. If these strings should be plotted as numbers, cast to the appropriate data type before plotting.
2025-10-11 15:49:05,039 INFO [matplotlib.category] Using categorical units to plot a list of strings that are all parsable as floats or dates. If these strings should be plotted as numbers, cast to the appropriate data type before plotting.
2025-10-11 15:49:05,042 INFO [matplotlib.category] Using categorical units to plot a list of strings that are all parsable as floats or dates. If these strings should be plotted as numbers, cast to the appropriate data type before plotting.
2025-10-11 15:49:05,043 INFO [matplotlib.category] Using categorical units to plot a list of strings that are all parsable as floats or dates. If these strings should be plotted as numbers, cast to the appropriate data type before plotting.
2025-10-11 15:49:10,168 INFO [matplotlib.category] Using categorical units to plot a list of strings that are all parsable as floats or dates. If these strings should be plotted as numbers, cast to the appropriate data type before plotting.
2025-10-11 15:49:10,169 INFO [matplotlib.category] Using categorical units to plot a list of strings that are all parsable as floats or dates. If these strings should be plotted as numbers, cast to the appropriate data type before plotting.
2025-10-11 15:49:10,170 INFO [matplotlib.category] Using categorical units to plot a list of strings that are all parsable as floats or dates. If these strings should be plotted as numbers, cast to the appropriate data type before plotting.
2025-10-11 15:49:10,171 INFO [matplotlib.category] Using categorical units to plot a list of strings that are all parsable as floats or dates. If these strings should be plotted as numbers, cast to the appropriate data type before plotting.
2025-10-11 15:49:10,173 INFO [matplotlib.category] Using categorical units to plot a list of strings that are all parsable as floats or dates. If these strings should be plotted as numbers, cast to the appropriate data type before plotting.
2025-10-11 15:49:10,174 INFO [matplotlib.category] Using categorical units to plot a list of strings that are all parsable as floats or dates. If these strings should be plotted as numbers, cast to the appropriate data type before plotting.
2025-10-11 15:49:15,288 INFO [matplotlib.category] Using categorical units to plot a list of strings that are all parsable as floats or dates. If these strings should be plotted as numbers, cast to the appropriate data type before plotting.
2025-10-11 15:49:15,290 INFO [matplotlib.category] Using categorical units to plot a list of strings that are all parsable as floats or dates. If these strings should be plotted as numbers, cast to the appropriate data type before plotting.
2025-10-11 15:49:15,292 INFO [matplotlib.category] Using categorical units to plot a list of strings that are all parsable as floats or dates. If these strings should be plotted as numbers, cast to the appropriate data type before plotting.
2025-10-11 15:49:15,293 INFO [matplotlib.category] Using categorical units to plot a list of strings that are all parsable as floats or dates. If these strings should be plotted as numbers, cast to the appropriate data type before plotting.
2025-10-11 15:49:15,297 INFO [matplotlib.category] Using categorical units to plot a list of strings that are all parsable as floats or dates. If these strings should be plotted as numbers, cast to the appropriate data type before plotting.
2025-10-11 15:49:15,299 INFO [matplotlib.category] Using categorical units to plot a list of strings that are all parsable as floats or dates. If these strings should be plotted as numbers, cast to the appropriate data type before plotting.
2025-10-11 15:49:20,384 INFO [matplotlib.category] Using categorical units to plot a list of strings that are all parsable as floats or dates. If these strings should be plotted as numbers, cast to the appropriate data type before plotting.
2025-10-11 15:49:20,385 INFO [matplotlib.category] Using categorical units to plot a list of strings that are all parsable as floats or dates. If these strings should be plotted as numbers, cast to the appropriate data type before plotting.
2025-10-11 15:49:20,386 INFO [matplotlib.category] Using categorical units to plot a list of strings that are all parsable as floats or dates. If these strings should be plotted as numbers, cast to the appropriate data type before plotting.
2025-10-11 15:49:20,387 INFO [matplotlib.category] Using categorical units to plot a list of strings that are all parsable as floats or dates. If these strings should be plotted as numbers, cast to the appropriate data type before plotting.
2025-10-11 15:49:20,391 INFO [matplotlib.category] Using categorical units to plot a list of strings that are all parsable as floats or dates. If these strings should be plotted as numbers, cast to the appropriate data type before plotting.
2025-10-11 15:49:20,392 INFO [matplotlib.category] Using categorical units to plot a list of strings that are all parsable as floats or dates. If these strings should be plotted as numbers, cast to the appropriate data type before plotting.
2025-10-11 15:49:25,480 INFO [matplotlib.category] Using categorical units to plot a list of strings that are all parsable as floats or dates. If these strings should be plotted as numbers, cast to the appropriate data type before plotting.
2025-10-11 15:49:25,482 INFO [matplotlib.category] Using categorical units to plot a list of strings that are all parsable as floats or dates. If these strings should be plotted as numbers, cast to the appropriate data type before plotting.
2025-10-11 15:49:25,483 INFO [matplotlib.category] Using categorical units to plot a list of strings that are all parsable as floats or dates. If these strings should be plotted as numbers, cast to the appropriate data type before plotting.
2025-10-11 15:49:25,483 INFO [matplotlib.category] Using categorical units to plot a list of strings that are all parsable as floats or dates. If these strings should be plotted as numbers, cast to the appropriate data type before plotting.
2025-10-11 15:49:25,486 INFO [matplotlib.category] Using categorical units to plot a list of strings that are all parsable as floats or dates. If these strings should be plotted as numbers, cast to the appropriate data type before plotting.
2025-10-11 15:49:25,487 INFO [matplotlib.category] Using categorical units to plot a list of strings that are all parsable as floats or dates. If these strings should be plotted as numbers, cast to the appropriate data type before plotting.
2025-10-11 16:19:03,099 INFO [matplotlib.category] Using categorical units to plot a list of strings that are all parsable as floats or dates. If these strings should be plotted as numbers, cast to the appropriate data type before plotting.
2025-10-11 16:19:03,100 INFO [matplotlib.category] Using categorical units to plot a list of strings that are all parsable as floats or dates. If these strings should be plotted as numbers, cast to the appropriate data type before plotting.
2025-10-11 16:19:03,110 INFO [matplotlib.category] Using categorical units to plot a list of strings that are all parsable as floats or dates. If these strings should be plotted as numbers, cast to the appropriate data type before plotting.
2025-10-11 16:19:03,117 INFO [matplotlib.category] Using categorical units to plot a list of strings that are all parsable as floats or dates. If these strings should be plotted as numbers, cast to the appropriate data type before plotting.
2025-10-11 16:19:03,123 INFO [matplotlib.category] Using categorical units to plot a list of strings that are all parsable as floats or dates. If these strings should be plotted as numbers, cast to the appropriate data type before plotting.
2025-10-11 16:19:03,125 INFO [matplotlib.category] Using categorical units to plot a list of strings that are all parsable as floats or dates. If these strings should be plotted as numbers, cast to the appropriate data type before plotting.
2025-10-11 16:19:03,174 ERROR [root] Loop detection failed: Interface 'Wi-Fi' not found !
2025-10-11 16:19:03,187 ERROR [db] MySQL error during save_loop_detection: 1265: Data truncated for column 'status' at row 1
2025-10-11 16:19:03,190 ERROR [db] Database Error - save_loop_detection - A database error occurred during save_loop_detection. | Details: MySQL Error 1265: Data truncated for column 'status' at row 1
2025-10-11 16:19:03,190 ERROR [db] Failed to save loop detection to database
2025-10-11 16:19:08,332 INFO [matplotlib.category] Using categorical units to plot a list of strings that are all parsable as floats or dates. If these strings should be plotted as numbers, cast to the appropriate data type before plotting.
2025-10-11 16:19:08,334 INFO [matplotlib.category] Using categorical units to plot a list of strings that are all parsable as floats or dates. If these strings should be plotted as numbers, cast to the appropriate data type before plotting.
2025-10-11 16:19:08,334 INFO [matplotlib.category] Using categorical units to plot a list of strings that are all parsable as floats or dates. If these strings should be plotted as numbers, cast to the appropriate data type before plotting.
2025-10-11 16:19:08,336 INFO [matplotlib.category] Using categorical units to plot a list of strings that are all parsable as floats or dates. If these strings should be plotted as numbers, cast to the appropriate data type before plotting.
2025-10-11 16:19:08,339 INFO [matplotlib.category] Using categorical units to plot a list of strings that are all parsable as floats or dates. If these strings should be plotted as numbers, cast to the appropriate data type before plotting.
2025-10-11 16:19:08,340 INFO [matplotlib.category] Using categorical units to plot a list of strings that are all parsable as floats or dates. If these strings should be plotted as numbers, cast to the appropriate data type before plotting.
2025-10-11 16:19:13,437 INFO [matplotlib.category] Using categorical units to plot a list of strings that are all parsable as floats or dates. If these strings should be plotted as numbers, cast to the appropriate data type before plotting.
2025-10-11 16:19:13,439 INFO [matplotlib.category] Using categorical units to plot a list of strings that are all parsable as floats or dates. If these strings should be plotted as numbers, cast to the appropriate data type before plotting.
2025-10-11 16:19:13,440 INFO [matplotlib.category] Using categorical units to plot a list of strings that are all parsable as floats or dates. If these strings should be plotted as numbers, cast to the appropriate data type before plotting.
2025-10-11 16:19:13,441 INFO [matplotlib.category] Using categorical units to plot a list of strings that are all parsable as floats or dates. If these strings should be plotted as numbers, cast to the appropriate data type before plotting.
2025-10-11 16:19:13,444 INFO [matplotlib.category] Using categorical units to plot a list of strings that are all parsable as floats or dates. If these strings should be plotted as numbers, cast to the appropriate data type before plotting.
2025-10-11 16:19:13,445 INFO [matplotlib.category] Using categorical units to plot a list of strings that are all parsable as floats or dates. If these strings should be plotted as numbers, cast to the appropriate data type before plotting.
2025-10-11 16:19:19,429 INFO [matplotlib.category] Using categorical units to plot a list of strings that are all parsable as floats or dates. If these strings should be plotted as numbers, cast to the appropriate data type before plotting.
2025-10-11 16:19:19,430 INFO [matplotlib.category] Using categorical units to plot a list of strings that are all parsable as floats or dates. If these strings should be plotted as numbers, cast to the appropriate data type before plotting.
2025-10-11 16:19:19,430 INFO [matplotlib.category] Using categorical units to plot a list of strings that are all parsable as floats or dates. If these strings should be plotted as numbers, cast to the appropriate data type before plotting.
2025-10-11 16:19:19,431 INFO [matplotlib.category] Using categorical units to plot a list of strings that are all parsable as floats or dates. If these strings should be plotted as numbers, cast to the appropriate data type before plotting.
2025-10-11 16:19:19,434 INFO [matplotlib.category] Using categorical units to plot a list of strings that are all parsable as floats or dates. If these strings should be plotted as numbers, cast to the appropriate data type before plotting.
2025-10-11 16:19:19,435 INFO [matplotlib.category] Using categorical units to plot a list of strings that are all parsable as floats or dates. If these strings should be plotted as numbers, cast to the appropriate data type before plotting.
2025-10-11 16:19:24,603 INFO [matplotlib.category] Using categorical units to plot a list of strings that are all parsable as floats or dates. If these strings should be plotted as numbers, cast to the appropriate data type before plotting.
2025-10-11 16:19:24,604 INFO [matplotlib.category] Using categorical units to plot a list of strings that are all parsable as floats or dates. If these strings should be plotted as numbers, cast to the appropriate data type before plotting.
2025-10-11 16:19:24,605 INFO [matplotlib.category] Using categorical units to plot a list of strings that are all parsable as floats or dates. If these strings should be plotted as numbers, cast to the appropriate data type before plotting.
2025-10-11 16:19:24,606 INFO [matplotlib.category] Using categorical units to plot a list of strings that are all parsable as floats or dates. If these strings should be plotted as numbers, cast to the appropriate data type before plotting.
2025-10-11 16:19:24,609 INFO [matplotlib.category] Using categorical units to plot a list of strings that are all parsable as floats or dates. If these strings should be plotted as numbers, cast to the appropriate data type before plotting.
2025-10-11 16:19:24,610 INFO [matplotlib.category] Using categorical units to plot a list of strings that are all parsable as floats or dates. If these strings should be plotted as numbers, cast to the appropriate data type before plotting.
2025-10-11 16:19:29,732 INFO [matplotlib.category] Using categorical units to plot a list of strings that are all parsable as floats or dates. If these strings should be plotted as numbers, cast to the appropriate data type before plotting.
2025-10-11 16:19:29,733 INFO [matplotlib.category] Using categorical units to plot a list of strings that are all parsable as floats or dates. If these strings should be plotted as numbers, cast to the appropriate data type before plotting.
2025-10-11 16:19:29,734 INFO [matplotlib.category] Using categorical units to plot a list of strings that are all parsable as floats or dates. If these strings should be plotted as numbers, cast to the appropriate data type before plotting.
2025-10-11 16:19:29,735 INFO [matplotlib.category] Using categorical units to plot a list of strings that are all parsable as floats or dates. If these strings should be plotted as numbers, cast to the appropriate data type before plotting.
2025-10-11 16:19:29,738 INFO [matplotlib.category] Using categorical units to plot a list of strings that are all parsable as floats or dates. If these strings should be plotted as numbers, cast to the appropriate data type before plotting.
2025-10-11 16:19:29,739 INFO [matplotlib.category] Using categorical units to plot a list of strings that are all parsable as floats or dates. If these strings should be plotted as numbers, cast to the appropriate data type before plotting.
2025-10-11 16:19:33,327 INFO [matplotlib.category] Using categorical units to plot a list of strings that are all parsable as floats or dates. If these strings should be plotted as numbers, cast to the appropriate data type before plotting.
2025-10-11 16:19:33,328 INFO [matplotlib.category] Using categorical units to plot a list of strings that are all parsable as floats or dates. If these strings should be plotted as numbers, cast to the appropriate data type before plotting.
2025-10-11 16:19:33,328 INFO [matplotlib.category] Using categorical units to plot a list of strings that are all parsable as floats or dates. If these strings should be plotted as numbers, cast to the appropriate data type before plotting.
2025-10-11 16:19:33,329 INFO [matplotlib.category] Using categorical units to plot a list of strings that are all parsable as floats or dates. If these strings should be plotted as numbers, cast to the appropriate data type before plotting.
2025-10-11 16:19:33,332 INFO [matplotlib.category] Using categorical units to plot a list of strings that are all parsable as floats or dates. If these strings should be plotted as numbers, cast to the appropriate data type before plotting.
2025-10-11 16:19:33,333 INFO [matplotlib.category] Using categorical units to plot a list of strings that are all parsable as floats or dates. If these strings should be plotted as numbers, cast to the appropriate data type before plotting.
2025-10-11 16:19:38,488 INFO [matplotlib.category] Using categorical units to plot a list of strings that are all parsable as floats or dates. If these strings should be plotted as numbers, cast to the appropriate data type before plotting.
2025-10-11 16:19:38,491 INFO [matplotlib.category] Using categorical units to plot a list of strings that are all parsable as floats or dates. If these strings should be plotted as numbers, cast to the appropriate data type before plotting.
2025-10-11 16:19:38,494 INFO [matplotlib.category] Using categorical units to plot a list of strings that are all parsable as floats or dates. If these strings should be plotted as numbers, cast to the appropriate data type before plotting.
2025-10-11 16:19:38,547 INFO [matplotlib.category] Using categorical units to plot a list of strings that are all parsable as floats or dates. If these strings should be plotted as numbers, cast to the appropriate data type before plotting.
2025-10-11 16:19:38,561 INFO [matplotlib.category] Using categorical units to plot a list of strings that are all parsable as floats or dates. If these strings should be plotted as numbers, cast to the appropriate data type before plotting.
2025-10-11 16:19:38,562 INFO [matplotlib.category] Using categorical units to plot a list of strings that are all parsable as floats or dates. If these strings should be plotted as numbers, cast to the appropriate data type before plotting.
2025-10-11 16:19:43,690 INFO [matplotlib.category] Using categorical units to plot a list of strings that are all parsable as floats or dates. If these strings should be plotted as numbers, cast to the appropriate data type before plotting.
2025-10-11 16:19:43,691 INFO [matplotlib.category] Using categorical units to plot a list of strings that are all parsable as floats or dates. If these strings should be plotted as numbers, cast to the appropriate data type before plotting.
2025-10-11 16:19:43,692 INFO [matplotlib.category] Using categorical units to plot a list of strings that are all parsable as floats or dates. If these strings should be plotted as numbers, cast to the appropriate data type before plotting.
2025-10-11 16:19:43,693 INFO [matplotlib.category] Using categorical units to plot a list of strings that are all parsable as floats or dates. If these strings should be plotted as numbers, cast to the appropriate data type before plotting.
2025-10-11 16:19:43,696 INFO [matplotlib.category] Using categorical units to plot a list of strings that are all parsable as floats or dates. If these strings should be plotted as numbers, cast to the appropriate data type before plotting.
2025-10-11 16:19:43,697 INFO [matplotlib.category] Using categorical units to plot a list of strings that are all parsable as floats or dates. If these strings should be plotted as numbers, cast to the appropriate data type before plotting.
2025-10-11 16:19:48,834 INFO [matplotlib.category] Using categorical units to plot a list of strings that are all parsable as floats or dates. If these strings should be plotted as numbers, cast to the appropriate data type before plotting.
2025-10-11 16:19:48,836 INFO [matplotlib.category] Using categorical units to plot a list of strings that are all parsable as floats or dates. If these strings should be plotted as numbers, cast to the appropriate data type before plotting.
2025-10-11 16:19:48,838 INFO [matplotlib.category] Using categorical units to plot a list of strings that are all parsable as floats or dates. If these strings should be plotted as numbers, cast to the appropriate data type before plotting.
2025-10-11 16:19:48,843 INFO [matplotlib.category] Using categorical units to plot a list of strings that are all parsable as floats or dates. If these strings should be plotted as numbers, cast to the appropriate data type before plotting.
2025-10-11 16:19:48,849 INFO [matplotlib.category] Using categorical units to plot a list of strings that are all parsable as floats or dates. If these strings should be plotted as numbers, cast to the appropriate data type before plotting.
2025-10-11 16:19:48,852 INFO [matplotlib.category] Using categorical units to plot a list of strings that are all parsable as floats or dates. If these strings should be plotted as numbers, cast to the appropriate data type before plotting.
2025-10-11 16:19:53,971 INFO [matplotlib.category] Using categorical units to plot a list of strings that are all parsable as floats or dates. If these strings should be plotted as numbers, cast to the appropriate data type before plotting.
2025-10-11 16:19:53,972 INFO [matplotlib.category] Using categorical units to plot a list of strings that are all parsable as floats or dates. If these strings should be plotted as numbers, cast to the appropriate data type before plotting.
2025-10-11 16:19:53,973 INFO [matplotlib.category] Using categorical units to plot a list of strings that are all parsable as floats or dates. If these strings should be plotted as numbers, cast to the appropriate data type before plotting.
2025-10-11 16:19:53,974 INFO [matplotlib.category] Using categorical units to plot a list of strings that are all parsable as floats or dates. If these strings should be plotted as numbers, cast to the appropriate data type before plotting.
2025-10-11 16:19:53,977 INFO [matplotlib.category] Using categorical units to plot a list of strings that are all parsable as floats or dates. If these strings should be plotted as numbers, cast to the appropriate data type before plotting.
2025-10-11 16:19:53,978 INFO [matplotlib.category] Using categorical units to plot a list of strings that are all parsable as floats or dates. If these strings should be plotted as numbers, cast to the appropriate data type before plotting.
2025-10-11 16:19:59,070 INFO [matplotlib.category] Using categorical units to plot a list of strings that are all parsable as floats or dates. If these strings should be plotted as numbers, cast to the appropriate data type before plotting.
2025-10-11 16:19:59,071 INFO [matplotlib.category] Using categorical units to plot a list of strings that are all parsable as floats or dates. If these strings should be plotted as numbers, cast to the appropriate data type before plotting.
2025-10-11 16:19:59,072 INFO [matplotlib.category] Using categorical units to plot a list of strings that are all parsable as floats or dates. If these strings should be plotted as numbers, cast to the appropriate data type before plotting.
2025-10-11 16:19:59,073 INFO [matplotlib.category] Using categorical units to plot a list of strings that are all parsable as floats or dates. If these strings should be plotted as numbers, cast to the appropriate data type before plotting.
2025-10-11 16:19:59,077 INFO [matplotlib.category] Using categorical units to plot a list of strings that are all parsable as floats or dates. If these strings should be plotted as numbers, cast to the appropriate data type before plotting.
2025-10-11 16:19:59,079 INFO [matplotlib.category] Using categorical units to plot a list of strings that are all parsable as floats or dates. If these strings should be plotted as numbers, cast to the appropriate data type before plotting.
2025-10-11 16:20:03,440 INFO [matplotlib.category] Using categorical units to plot a list of strings that are all parsable as floats or dates. If these strings should be plotted as numbers, cast to the appropriate data type before plotting.
2025-10-11 16:20:03,441 INFO [matplotlib.category] Using categorical units to plot a list of strings that are all parsable as floats or dates. If these strings should be plotted as numbers, cast to the appropriate data type before plotting.
2025-10-11 16:20:03,442 INFO [matplotlib.category] Using categorical units to plot a list of strings that are all parsable as floats or dates. If these strings should be plotted as numbers, cast to the appropriate data type before plotting.
2025-10-11 16:20:03,442 INFO [matplotlib.category] Using categorical units to plot a list of strings that are all parsable as floats or dates. If these strings should be plotted as numbers, cast to the appropriate data type before plotting.
2025-10-11 16:20:03,445 INFO [matplotlib.category] Using categorical units to plot a list of strings that are all parsable as floats or dates. If these strings should be plotted as numbers, cast to the appropriate data type before plotting.
2025-10-11 16:20:03,446 INFO [matplotlib.category] Using categorical units to plot a list of strings that are all parsable as floats or dates. If these strings should be plotted as numbers, cast to the appropriate data type before plotting.
2025-10-11 16:20:08,587 INFO [matplotlib.category] Using categorical units to plot a list of strings that are all parsable as floats or dates. If these strings should be plotted as numbers, cast to the appropriate data type before plotting.
2025-10-11 16:20:08,589 INFO [matplotlib.category] Using categorical units to plot a list of strings that are all parsable as floats or dates. If these strings should be plotted as numbers, cast to the appropriate data type before plotting.
2025-10-11 16:20:08,590 INFO [matplotlib.category] Using categorical units to plot a list of strings that are all parsable as floats or dates. If these strings should be plotted as numbers, cast to the appropriate data type before plotting.
2025-10-11 16:20:08,592 INFO [matplotlib.category] Using categorical units to plot a list of strings that are all parsable as floats or dates. If these strings should be plotted as numbers, cast to the appropriate data type before plotting.
2025-10-11 16:20:08,598 INFO [matplotlib.category] Using categorical units to plot a list of strings that are all parsable as floats or dates. If these strings should be plotted as numbers, cast to the appropriate data type before plotting.
2025-10-11 16:20:08,602 INFO [matplotlib.category] Using categorical units to plot a list of strings that are all parsable as floats or dates. If these strings should be plotted as numbers, cast to the appropriate data type before plotting.
2025-10-11 16:20:13,748 INFO [matplotlib.category] Using categorical units to plot a list of strings that are all parsable as floats or dates. If these strings should be plotted as numbers, cast to the appropriate data type before plotting.
2025-10-11 16:20:13,749 INFO [matplotlib.category] Using categorical units to plot a list of strings that are all parsable as floats or dates. If these strings should be plotted as numbers, cast to the appropriate data type before plotting.
2025-10-11 16:20:13,750 INFO [matplotlib.category] Using categorical units to plot a list of strings that are all parsable as floats or dates. If these strings should be plotted as numbers, cast to the appropriate data type before plotting.
2025-10-11 16:20:13,751 INFO [matplotlib.category] Using categorical units to plot a list of strings that are all parsable as floats or dates. If these strings should be plotted as numbers, cast to the appropriate data type before plotting.
2025-10-11 16:20:13,754 INFO [matplotlib.category] Using categorical units to plot a list of strings that are all parsable as floats or dates. If these strings should be plotted as numbers, cast to the appropriate data type before plotting.
2025-10-11 16:20:13,755 INFO [matplotlib.category] Using categorical units to plot a list of strings that are all parsable as floats or dates. If these strings should be plotted as numbers, cast to the appropriate data type before plotting.
2025-10-11 16:20:18,873 INFO [matplotlib.category] Using categorical units to plot a list of strings that are all parsable as floats or dates. If these strings should be plotted as numbers, cast to the appropriate data type before plotting.
2025-10-11 16:20:18,874 INFO [matplotlib.category] Using categorical units to plot a list of strings that are all parsable as floats or dates. If these strings should be plotted as numbers, cast to the appropriate data type before plotting.
2025-10-11 16:20:18,875 INFO [matplotlib.category] Using categorical units to plot a list of strings that are all parsable as floats or dates. If these strings should be plotted as numbers, cast to the appropriate data type before plotting.
2025-10-11 16:20:18,876 INFO [matplotlib.category] Using categorical units to plot a list of strings that are all parsable as floats or dates. If these strings should be plotted as numbers, cast to the appropriate data type before plotting.
2025-10-11 16:20:18,879 INFO [matplotlib.category] Using categorical units to plot a list of strings that are all parsable as floats or dates. If these strings should be plotted as numbers, cast to the appropriate data type before plotting.
2025-10-11 16:20:18,880 INFO [matplotlib.category] Using categorical units to plot a list of strings that are all parsable as floats or dates. If these strings should be plotted as numbers, cast to the appropriate data type before plotting.
2025-10-11 16:20:24,064 INFO [matplotlib.category] Using categorical units to plot a list of strings that are all parsable as floats or dates. If these strings should be plotted as numbers, cast to the appropriate data type before plotting.
2025-10-11 16:20:24,065 INFO [matplotlib.category] Using categorical units to plot a list of strings that are all parsable as floats or dates. If these strings should be plotted as numbers, cast to the appropriate data type before plotting.
2025-10-11 16:20:24,066 INFO [matplotlib.category] Using categorical units to plot a list of strings that are all parsable as floats or dates. If these strings should be plotted as numbers, cast to the appropriate data type before plotting.
2025-10-11 16:20:24,067 INFO [matplotlib.category] Using categorical units to plot a list of strings that are all parsable as floats or dates. If these strings should be plotted as numbers, cast to the appropriate data type before plotting.
2025-10-11 16:20:24,069 INFO [matplotlib.category] Using categorical units to plot a list of strings that are all parsable as floats or dates. If these strings should be plotted as numbers, cast to the appropriate data type before plotting.
2025-10-11 16:20:24,070 INFO [matplotlib.category] Using categorical units to plot a list of strings that are all parsable as floats or dates. If these strings should be plotted as numbers, cast to the appropriate data type before plotting.
2025-10-11 16:20:29,178 INFO [matplotlib.category] Using categorical units to plot a list of strings that are all parsable as floats or dates. If these strings should be plotted as numbers, cast to the appropriate data type before plotting.
2025-10-11 16:20:29,180 INFO [matplotlib.category] Using categorical units to plot a list of strings that are all parsable as floats or dates. If these strings should be plotted as numbers, cast to the appropriate data type before plotting.
2025-10-11 16:20:29,181 INFO [matplotlib.category] Using categorical units to plot a list of strings that are all parsable as floats or dates. If these strings should be plotted as numbers, cast to the appropriate data type before plotting.
2025-10-11 16:20:29,182 INFO [matplotlib.category] Using categorical units to plot a list of strings that are all parsable as floats or dates. If these strings should be plotted as numbers, cast to the appropriate data type before plotting.
2025-10-11 16:20:29,185 INFO [matplotlib.category] Using categorical units to plot a list of strings that are all parsable as floats or dates. If these strings should be plotted as numbers, cast to the appropriate data type before plotting.
2025-10-11 16:20:29,186 INFO [matplotlib.category] Using categorical units to plot a list of strings that are all parsable as floats or dates. If these strings should be plotted as numbers, cast to the appropriate data type before plotting.
2025-10-11 16:20:30,536 ERROR [winyfi] Tkinter callback exception:
Traceback (most recent call last):
  File "C:\Users\Consigna\AppData\Local\Programs\Python\Python313\Lib\tkinter\__init__.py", line 2068, in __call__
    return self.func(*args)
           ~~~~~~~~~^^^^^^^
  File "C:\Users\Consigna\Desktop\Winyfi\Winyfi\notification_ui.py", line 340, in _on_mousewheel
    self.canvas.yview_scroll(int(-1*(event.delta/120)), "units")
    ~~~~~~~~~~~~~~~~~~~~~~~~^^^^^^^^^^^^^^^^^^^^^^^^^^^^^^^^^^^^
  File "C:\Users\Consigna\AppData\Local\Programs\Python\Python313\Lib\tkinter\__init__.py", line 2114, in yview_scroll
    self.tk.call(self._w, 'yview', 'scroll', number, what)
    ~~~~~~~~~~~~^^^^^^^^^^^^^^^^^^^^^^^^^^^^^^^^^^^^^^^^^^
_tkinter.TclError: invalid command name ".!toplevel.!toplevel17.!frame.!frame2.!canvas"

2025-10-11 16:20:30,576 ERROR [winyfi] Tkinter callback exception:
Traceback (most recent call last):
  File "C:\Users\Consigna\AppData\Local\Programs\Python\Python313\Lib\tkinter\__init__.py", line 2068, in __call__
    return self.func(*args)
           ~~~~~~~~~^^^^^^^
  File "C:\Users\Consigna\Desktop\Winyfi\Winyfi\notification_ui.py", line 340, in _on_mousewheel
    self.canvas.yview_scroll(int(-1*(event.delta/120)), "units")
    ~~~~~~~~~~~~~~~~~~~~~~~~^^^^^^^^^^^^^^^^^^^^^^^^^^^^^^^^^^^^
  File "C:\Users\Consigna\AppData\Local\Programs\Python\Python313\Lib\tkinter\__init__.py", line 2114, in yview_scroll
    self.tk.call(self._w, 'yview', 'scroll', number, what)
    ~~~~~~~~~~~~^^^^^^^^^^^^^^^^^^^^^^^^^^^^^^^^^^^^^^^^^^
_tkinter.TclError: invalid command name ".!toplevel.!toplevel17.!frame.!frame2.!canvas"

During handling of the above exception, another exception occurred:

Traceback (most recent call last):
  File "C:\Users\Consigna\AppData\Local\Programs\Python\Python313\Lib\tkinter\__init__.py", line 2068, in __call__
    return self.func(*args)
           ~~~~~~~~~^^^^^^^
  File "C:\Users\Consigna\Desktop\Winyfi\Winyfi\notification_ui.py", line 340, in _on_mousewheel
    self.canvas.yview_scroll(int(-1*(event.delta/120)), "units")
    ~~~~~~~~~~~~~~~~~~~~~~~~^^^^^^^^^^^^^^^^^^^^^^^^^^^^^^^^^^^^
  File "C:\Users\Consigna\AppData\Local\Programs\Python\Python313\Lib\tkinter\__init__.py", line 2114, in yview_scroll
    self.tk.call(self._w, 'yview', 'scroll', number, what)
    ~~~~~~~~~~~~^^^^^^^^^^^^^^^^^^^^^^^^^^^^^^^^^^^^^^^^^^
_tkinter.TclError: invalid command name ".!toplevel.!toplevel17.!frame.!frame2.!canvas"

2025-10-11 16:20:30,760 ERROR [winyfi] Tkinter callback exception:
Traceback (most recent call last):
  File "C:\Users\Consigna\AppData\Local\Programs\Python\Python313\Lib\tkinter\__init__.py", line 2068, in __call__
    return self.func(*args)
           ~~~~~~~~~^^^^^^^
  File "C:\Users\Consigna\Desktop\Winyfi\Winyfi\notification_ui.py", line 340, in _on_mousewheel
    self.canvas.yview_scroll(int(-1*(event.delta/120)), "units")
    ~~~~~~~~~~~~~~~~~~~~~~~~^^^^^^^^^^^^^^^^^^^^^^^^^^^^^^^^^^^^
  File "C:\Users\Consigna\AppData\Local\Programs\Python\Python313\Lib\tkinter\__init__.py", line 2114, in yview_scroll
    self.tk.call(self._w, 'yview', 'scroll', number, what)
    ~~~~~~~~~~~~^^^^^^^^^^^^^^^^^^^^^^^^^^^^^^^^^^^^^^^^^^
_tkinter.TclError: invalid command name ".!toplevel.!toplevel17.!frame.!frame2.!canvas"

During handling of the above exception, another exception occurred:

Traceback (most recent call last):
  File "C:\Users\Consigna\AppData\Local\Programs\Python\Python313\Lib\tkinter\__init__.py", line 2068, in __call__
    return self.func(*args)
           ~~~~~~~~~^^^^^^^
  File "C:\Users\Consigna\Desktop\Winyfi\Winyfi\notification_ui.py", line 340, in _on_mousewheel
    self.canvas.yview_scroll(int(-1*(event.delta/120)), "units")
    ~~~~~~~~~~~~~~~~~~~~~~~~^^^^^^^^^^^^^^^^^^^^^^^^^^^^^^^^^^^^
  File "C:\Users\Consigna\AppData\Local\Programs\Python\Python313\Lib\tkinter\__init__.py", line 2114, in yview_scroll
    self.tk.call(self._w, 'yview', 'scroll', number, what)
    ~~~~~~~~~~~~^^^^^^^^^^^^^^^^^^^^^^^^^^^^^^^^^^^^^^^^^^
_tkinter.TclError: invalid command name ".!toplevel.!toplevel17.!frame.!frame2.!canvas"

During handling of the above exception, another exception occurred:

Traceback (most recent call last):
  File "C:\Users\Consigna\AppData\Local\Programs\Python\Python313\Lib\tkinter\__init__.py", line 2068, in __call__
    return self.func(*args)
           ~~~~~~~~~^^^^^^^
  File "C:\Users\Consigna\Desktop\Winyfi\Winyfi\notification_ui.py", line 340, in _on_mousewheel
    self.canvas.yview_scroll(int(-1*(event.delta/120)), "units")
    ~~~~~~~~~~~~~~~~~~~~~~~~^^^^^^^^^^^^^^^^^^^^^^^^^^^^^^^^^^^^
  File "C:\Users\Consigna\AppData\Local\Programs\Python\Python313\Lib\tkinter\__init__.py", line 2114, in yview_scroll
    self.tk.call(self._w, 'yview', 'scroll', number, what)
    ~~~~~~~~~~~~^^^^^^^^^^^^^^^^^^^^^^^^^^^^^^^^^^^^^^^^^^
_tkinter.TclError: invalid command name ".!toplevel.!toplevel17.!frame.!frame2.!canvas"

2025-10-11 16:20:33,565 INFO [matplotlib.category] Using categorical units to plot a list of strings that are all parsable as floats or dates. If these strings should be plotted as numbers, cast to the appropriate data type before plotting.
2025-10-11 16:20:33,566 INFO [matplotlib.category] Using categorical units to plot a list of strings that are all parsable as floats or dates. If these strings should be plotted as numbers, cast to the appropriate data type before plotting.
2025-10-11 16:20:33,567 INFO [matplotlib.category] Using categorical units to plot a list of strings that are all parsable as floats or dates. If these strings should be plotted as numbers, cast to the appropriate data type before plotting.
2025-10-11 16:20:33,568 INFO [matplotlib.category] Using categorical units to plot a list of strings that are all parsable as floats or dates. If these strings should be plotted as numbers, cast to the appropriate data type before plotting.
2025-10-11 16:20:33,570 INFO [matplotlib.category] Using categorical units to plot a list of strings that are all parsable as floats or dates. If these strings should be plotted as numbers, cast to the appropriate data type before plotting.
2025-10-11 16:20:33,571 INFO [matplotlib.category] Using categorical units to plot a list of strings that are all parsable as floats or dates. If these strings should be plotted as numbers, cast to the appropriate data type before plotting.
2025-10-11 16:20:38,685 INFO [matplotlib.category] Using categorical units to plot a list of strings that are all parsable as floats or dates. If these strings should be plotted as numbers, cast to the appropriate data type before plotting.
2025-10-11 16:20:38,686 INFO [matplotlib.category] Using categorical units to plot a list of strings that are all parsable as floats or dates. If these strings should be plotted as numbers, cast to the appropriate data type before plotting.
2025-10-11 16:20:38,687 INFO [matplotlib.category] Using categorical units to plot a list of strings that are all parsable as floats or dates. If these strings should be plotted as numbers, cast to the appropriate data type before plotting.
2025-10-11 16:20:38,688 INFO [matplotlib.category] Using categorical units to plot a list of strings that are all parsable as floats or dates. If these strings should be plotted as numbers, cast to the appropriate data type before plotting.
2025-10-11 16:20:38,692 INFO [matplotlib.category] Using categorical units to plot a list of strings that are all parsable as floats or dates. If these strings should be plotted as numbers, cast to the appropriate data type before plotting.
2025-10-11 16:20:38,693 INFO [matplotlib.category] Using categorical units to plot a list of strings that are all parsable as floats or dates. If these strings should be plotted as numbers, cast to the appropriate data type before plotting.
2025-10-11 16:20:43,812 INFO [matplotlib.category] Using categorical units to plot a list of strings that are all parsable as floats or dates. If these strings should be plotted as numbers, cast to the appropriate data type before plotting.
2025-10-11 16:20:43,814 INFO [matplotlib.category] Using categorical units to plot a list of strings that are all parsable as floats or dates. If these strings should be plotted as numbers, cast to the appropriate data type before plotting.
2025-10-11 16:20:43,814 INFO [matplotlib.category] Using categorical units to plot a list of strings that are all parsable as floats or dates. If these strings should be plotted as numbers, cast to the appropriate data type before plotting.
2025-10-11 16:20:43,815 INFO [matplotlib.category] Using categorical units to plot a list of strings that are all parsable as floats or dates. If these strings should be plotted as numbers, cast to the appropriate data type before plotting.
2025-10-11 16:20:43,818 INFO [matplotlib.category] Using categorical units to plot a list of strings that are all parsable as floats or dates. If these strings should be plotted as numbers, cast to the appropriate data type before plotting.
2025-10-11 16:20:43,819 INFO [matplotlib.category] Using categorical units to plot a list of strings that are all parsable as floats or dates. If these strings should be plotted as numbers, cast to the appropriate data type before plotting.
2025-10-11 16:20:48,913 INFO [matplotlib.category] Using categorical units to plot a list of strings that are all parsable as floats or dates. If these strings should be plotted as numbers, cast to the appropriate data type before plotting.
2025-10-11 16:20:48,914 INFO [matplotlib.category] Using categorical units to plot a list of strings that are all parsable as floats or dates. If these strings should be plotted as numbers, cast to the appropriate data type before plotting.
2025-10-11 16:20:48,914 INFO [matplotlib.category] Using categorical units to plot a list of strings that are all parsable as floats or dates. If these strings should be plotted as numbers, cast to the appropriate data type before plotting.
2025-10-11 16:20:48,915 INFO [matplotlib.category] Using categorical units to plot a list of strings that are all parsable as floats or dates. If these strings should be plotted as numbers, cast to the appropriate data type before plotting.
2025-10-11 16:20:48,918 INFO [matplotlib.category] Using categorical units to plot a list of strings that are all parsable as floats or dates. If these strings should be plotted as numbers, cast to the appropriate data type before plotting.
2025-10-11 16:20:48,919 INFO [matplotlib.category] Using categorical units to plot a list of strings that are all parsable as floats or dates. If these strings should be plotted as numbers, cast to the appropriate data type before plotting.
2025-10-11 16:20:54,020 INFO [matplotlib.category] Using categorical units to plot a list of strings that are all parsable as floats or dates. If these strings should be plotted as numbers, cast to the appropriate data type before plotting.
2025-10-11 16:20:54,021 INFO [matplotlib.category] Using categorical units to plot a list of strings that are all parsable as floats or dates. If these strings should be plotted as numbers, cast to the appropriate data type before plotting.
2025-10-11 16:20:54,023 INFO [matplotlib.category] Using categorical units to plot a list of strings that are all parsable as floats or dates. If these strings should be plotted as numbers, cast to the appropriate data type before plotting.
2025-10-11 16:20:54,024 INFO [matplotlib.category] Using categorical units to plot a list of strings that are all parsable as floats or dates. If these strings should be plotted as numbers, cast to the appropriate data type before plotting.
2025-10-11 16:20:54,027 INFO [matplotlib.category] Using categorical units to plot a list of strings that are all parsable as floats or dates. If these strings should be plotted as numbers, cast to the appropriate data type before plotting.
2025-10-11 16:20:54,028 INFO [matplotlib.category] Using categorical units to plot a list of strings that are all parsable as floats or dates. If these strings should be plotted as numbers, cast to the appropriate data type before plotting.
2025-10-11 16:20:59,153 INFO [matplotlib.category] Using categorical units to plot a list of strings that are all parsable as floats or dates. If these strings should be plotted as numbers, cast to the appropriate data type before plotting.
2025-10-11 16:20:59,155 INFO [matplotlib.category] Using categorical units to plot a list of strings that are all parsable as floats or dates. If these strings should be plotted as numbers, cast to the appropriate data type before plotting.
2025-10-11 16:20:59,156 INFO [matplotlib.category] Using categorical units to plot a list of strings that are all parsable as floats or dates. If these strings should be plotted as numbers, cast to the appropriate data type before plotting.
2025-10-11 16:20:59,158 INFO [matplotlib.category] Using categorical units to plot a list of strings that are all parsable as floats or dates. If these strings should be plotted as numbers, cast to the appropriate data type before plotting.
2025-10-11 16:20:59,163 INFO [matplotlib.category] Using categorical units to plot a list of strings that are all parsable as floats or dates. If these strings should be plotted as numbers, cast to the appropriate data type before plotting.
2025-10-11 16:20:59,165 INFO [matplotlib.category] Using categorical units to plot a list of strings that are all parsable as floats or dates. If these strings should be plotted as numbers, cast to the appropriate data type before plotting.
2025-10-11 16:21:03,659 INFO [matplotlib.category] Using categorical units to plot a list of strings that are all parsable as floats or dates. If these strings should be plotted as numbers, cast to the appropriate data type before plotting.
2025-10-11 16:21:03,660 INFO [matplotlib.category] Using categorical units to plot a list of strings that are all parsable as floats or dates. If these strings should be plotted as numbers, cast to the appropriate data type before plotting.
2025-10-11 16:21:03,661 INFO [matplotlib.category] Using categorical units to plot a list of strings that are all parsable as floats or dates. If these strings should be plotted as numbers, cast to the appropriate data type before plotting.
2025-10-11 16:21:03,662 INFO [matplotlib.category] Using categorical units to plot a list of strings that are all parsable as floats or dates. If these strings should be plotted as numbers, cast to the appropriate data type before plotting.
2025-10-11 16:21:03,665 INFO [matplotlib.category] Using categorical units to plot a list of strings that are all parsable as floats or dates. If these strings should be plotted as numbers, cast to the appropriate data type before plotting.
2025-10-11 16:21:03,666 INFO [matplotlib.category] Using categorical units to plot a list of strings that are all parsable as floats or dates. If these strings should be plotted as numbers, cast to the appropriate data type before plotting.
2025-10-11 16:21:08,767 INFO [matplotlib.category] Using categorical units to plot a list of strings that are all parsable as floats or dates. If these strings should be plotted as numbers, cast to the appropriate data type before plotting.
2025-10-11 16:21:08,768 INFO [matplotlib.category] Using categorical units to plot a list of strings that are all parsable as floats or dates. If these strings should be plotted as numbers, cast to the appropriate data type before plotting.
2025-10-11 16:21:08,769 INFO [matplotlib.category] Using categorical units to plot a list of strings that are all parsable as floats or dates. If these strings should be plotted as numbers, cast to the appropriate data type before plotting.
2025-10-11 16:21:08,769 INFO [matplotlib.category] Using categorical units to plot a list of strings that are all parsable as floats or dates. If these strings should be plotted as numbers, cast to the appropriate data type before plotting.
2025-10-11 16:21:08,773 INFO [matplotlib.category] Using categorical units to plot a list of strings that are all parsable as floats or dates. If these strings should be plotted as numbers, cast to the appropriate data type before plotting.
2025-10-11 16:21:08,774 INFO [matplotlib.category] Using categorical units to plot a list of strings that are all parsable as floats or dates. If these strings should be plotted as numbers, cast to the appropriate data type before plotting.
2025-10-11 16:21:13,883 INFO [matplotlib.category] Using categorical units to plot a list of strings that are all parsable as floats or dates. If these strings should be plotted as numbers, cast to the appropriate data type before plotting.
2025-10-11 16:21:13,884 INFO [matplotlib.category] Using categorical units to plot a list of strings that are all parsable as floats or dates. If these strings should be plotted as numbers, cast to the appropriate data type before plotting.
2025-10-11 16:21:13,885 INFO [matplotlib.category] Using categorical units to plot a list of strings that are all parsable as floats or dates. If these strings should be plotted as numbers, cast to the appropriate data type before plotting.
2025-10-11 16:21:13,886 INFO [matplotlib.category] Using categorical units to plot a list of strings that are all parsable as floats or dates. If these strings should be plotted as numbers, cast to the appropriate data type before plotting.
2025-10-11 16:21:13,889 INFO [matplotlib.category] Using categorical units to plot a list of strings that are all parsable as floats or dates. If these strings should be plotted as numbers, cast to the appropriate data type before plotting.
2025-10-11 16:21:13,890 INFO [matplotlib.category] Using categorical units to plot a list of strings that are all parsable as floats or dates. If these strings should be plotted as numbers, cast to the appropriate data type before plotting.
2025-10-11 16:21:19,019 INFO [matplotlib.category] Using categorical units to plot a list of strings that are all parsable as floats or dates. If these strings should be plotted as numbers, cast to the appropriate data type before plotting.
2025-10-11 16:21:19,020 INFO [matplotlib.category] Using categorical units to plot a list of strings that are all parsable as floats or dates. If these strings should be plotted as numbers, cast to the appropriate data type before plotting.
2025-10-11 16:21:19,022 INFO [matplotlib.category] Using categorical units to plot a list of strings that are all parsable as floats or dates. If these strings should be plotted as numbers, cast to the appropriate data type before plotting.
2025-10-11 16:21:19,023 INFO [matplotlib.category] Using categorical units to plot a list of strings that are all parsable as floats or dates. If these strings should be plotted as numbers, cast to the appropriate data type before plotting.
2025-10-11 16:21:19,025 INFO [matplotlib.category] Using categorical units to plot a list of strings that are all parsable as floats or dates. If these strings should be plotted as numbers, cast to the appropriate data type before plotting.
2025-10-11 16:21:19,026 INFO [matplotlib.category] Using categorical units to plot a list of strings that are all parsable as floats or dates. If these strings should be plotted as numbers, cast to the appropriate data type before plotting.
2025-10-11 16:21:24,136 INFO [matplotlib.category] Using categorical units to plot a list of strings that are all parsable as floats or dates. If these strings should be plotted as numbers, cast to the appropriate data type before plotting.
2025-10-11 16:21:24,142 INFO [matplotlib.category] Using categorical units to plot a list of strings that are all parsable as floats or dates. If these strings should be plotted as numbers, cast to the appropriate data type before plotting.
2025-10-11 16:21:24,145 INFO [matplotlib.category] Using categorical units to plot a list of strings that are all parsable as floats or dates. If these strings should be plotted as numbers, cast to the appropriate data type before plotting.
2025-10-11 16:21:24,153 INFO [matplotlib.category] Using categorical units to plot a list of strings that are all parsable as floats or dates. If these strings should be plotted as numbers, cast to the appropriate data type before plotting.
2025-10-11 16:21:24,163 INFO [matplotlib.category] Using categorical units to plot a list of strings that are all parsable as floats or dates. If these strings should be plotted as numbers, cast to the appropriate data type before plotting.
2025-10-11 16:21:24,167 INFO [matplotlib.category] Using categorical units to plot a list of strings that are all parsable as floats or dates. If these strings should be plotted as numbers, cast to the appropriate data type before plotting.
2025-10-11 16:21:29,273 INFO [matplotlib.category] Using categorical units to plot a list of strings that are all parsable as floats or dates. If these strings should be plotted as numbers, cast to the appropriate data type before plotting.
2025-10-11 16:21:29,327 INFO [matplotlib.category] Using categorical units to plot a list of strings that are all parsable as floats or dates. If these strings should be plotted as numbers, cast to the appropriate data type before plotting.
2025-10-11 16:21:29,342 INFO [matplotlib.category] Using categorical units to plot a list of strings that are all parsable as floats or dates. If these strings should be plotted as numbers, cast to the appropriate data type before plotting.
2025-10-11 16:21:29,346 INFO [matplotlib.category] Using categorical units to plot a list of strings that are all parsable as floats or dates. If these strings should be plotted as numbers, cast to the appropriate data type before plotting.
2025-10-11 16:21:29,351 INFO [matplotlib.category] Using categorical units to plot a list of strings that are all parsable as floats or dates. If these strings should be plotted as numbers, cast to the appropriate data type before plotting.
2025-10-11 16:21:29,355 INFO [matplotlib.category] Using categorical units to plot a list of strings that are all parsable as floats or dates. If these strings should be plotted as numbers, cast to the appropriate data type before plotting.
2025-10-11 16:21:33,760 INFO [matplotlib.category] Using categorical units to plot a list of strings that are all parsable as floats or dates. If these strings should be plotted as numbers, cast to the appropriate data type before plotting.
2025-10-11 16:21:33,762 INFO [matplotlib.category] Using categorical units to plot a list of strings that are all parsable as floats or dates. If these strings should be plotted as numbers, cast to the appropriate data type before plotting.
2025-10-11 16:21:33,763 INFO [matplotlib.category] Using categorical units to plot a list of strings that are all parsable as floats or dates. If these strings should be plotted as numbers, cast to the appropriate data type before plotting.
2025-10-11 16:21:33,764 INFO [matplotlib.category] Using categorical units to plot a list of strings that are all parsable as floats or dates. If these strings should be plotted as numbers, cast to the appropriate data type before plotting.
2025-10-11 16:21:33,767 INFO [matplotlib.category] Using categorical units to plot a list of strings that are all parsable as floats or dates. If these strings should be plotted as numbers, cast to the appropriate data type before plotting.
2025-10-11 16:21:33,768 INFO [matplotlib.category] Using categorical units to plot a list of strings that are all parsable as floats or dates. If these strings should be plotted as numbers, cast to the appropriate data type before plotting.
2025-10-11 16:21:38,885 INFO [matplotlib.category] Using categorical units to plot a list of strings that are all parsable as floats or dates. If these strings should be plotted as numbers, cast to the appropriate data type before plotting.
2025-10-11 16:21:38,886 INFO [matplotlib.category] Using categorical units to plot a list of strings that are all parsable as floats or dates. If these strings should be plotted as numbers, cast to the appropriate data type before plotting.
2025-10-11 16:21:38,886 INFO [matplotlib.category] Using categorical units to plot a list of strings that are all parsable as floats or dates. If these strings should be plotted as numbers, cast to the appropriate data type before plotting.
2025-10-11 16:21:38,887 INFO [matplotlib.category] Using categorical units to plot a list of strings that are all parsable as floats or dates. If these strings should be plotted as numbers, cast to the appropriate data type before plotting.
2025-10-11 16:21:38,891 INFO [matplotlib.category] Using categorical units to plot a list of strings that are all parsable as floats or dates. If these strings should be plotted as numbers, cast to the appropriate data type before plotting.
2025-10-11 16:21:38,892 INFO [matplotlib.category] Using categorical units to plot a list of strings that are all parsable as floats or dates. If these strings should be plotted as numbers, cast to the appropriate data type before plotting.
2025-10-11 16:21:43,997 INFO [matplotlib.category] Using categorical units to plot a list of strings that are all parsable as floats or dates. If these strings should be plotted as numbers, cast to the appropriate data type before plotting.
2025-10-11 16:21:44,000 INFO [matplotlib.category] Using categorical units to plot a list of strings that are all parsable as floats or dates. If these strings should be plotted as numbers, cast to the appropriate data type before plotting.
2025-10-11 16:21:44,001 INFO [matplotlib.category] Using categorical units to plot a list of strings that are all parsable as floats or dates. If these strings should be plotted as numbers, cast to the appropriate data type before plotting.
2025-10-11 16:21:44,002 INFO [matplotlib.category] Using categorical units to plot a list of strings that are all parsable as floats or dates. If these strings should be plotted as numbers, cast to the appropriate data type before plotting.
2025-10-11 16:21:44,006 INFO [matplotlib.category] Using categorical units to plot a list of strings that are all parsable as floats or dates. If these strings should be plotted as numbers, cast to the appropriate data type before plotting.
2025-10-11 16:21:44,007 INFO [matplotlib.category] Using categorical units to plot a list of strings that are all parsable as floats or dates. If these strings should be plotted as numbers, cast to the appropriate data type before plotting.
2025-10-11 16:21:49,145 INFO [matplotlib.category] Using categorical units to plot a list of strings that are all parsable as floats or dates. If these strings should be plotted as numbers, cast to the appropriate data type before plotting.
2025-10-11 16:21:49,147 INFO [matplotlib.category] Using categorical units to plot a list of strings that are all parsable as floats or dates. If these strings should be plotted as numbers, cast to the appropriate data type before plotting.
2025-10-11 16:21:49,147 INFO [matplotlib.category] Using categorical units to plot a list of strings that are all parsable as floats or dates. If these strings should be plotted as numbers, cast to the appropriate data type before plotting.
2025-10-11 16:21:49,150 INFO [matplotlib.category] Using categorical units to plot a list of strings that are all parsable as floats or dates. If these strings should be plotted as numbers, cast to the appropriate data type before plotting.
2025-10-11 16:21:49,153 INFO [matplotlib.category] Using categorical units to plot a list of strings that are all parsable as floats or dates. If these strings should be plotted as numbers, cast to the appropriate data type before plotting.
2025-10-11 16:21:49,155 INFO [matplotlib.category] Using categorical units to plot a list of strings that are all parsable as floats or dates. If these strings should be plotted as numbers, cast to the appropriate data type before plotting.
2025-10-11 16:21:54,270 INFO [matplotlib.category] Using categorical units to plot a list of strings that are all parsable as floats or dates. If these strings should be plotted as numbers, cast to the appropriate data type before plotting.
2025-10-11 16:21:54,271 INFO [matplotlib.category] Using categorical units to plot a list of strings that are all parsable as floats or dates. If these strings should be plotted as numbers, cast to the appropriate data type before plotting.
2025-10-11 16:21:54,272 INFO [matplotlib.category] Using categorical units to plot a list of strings that are all parsable as floats or dates. If these strings should be plotted as numbers, cast to the appropriate data type before plotting.
2025-10-11 16:21:54,273 INFO [matplotlib.category] Using categorical units to plot a list of strings that are all parsable as floats or dates. If these strings should be plotted as numbers, cast to the appropriate data type before plotting.
2025-10-11 16:21:54,275 INFO [matplotlib.category] Using categorical units to plot a list of strings that are all parsable as floats or dates. If these strings should be plotted as numbers, cast to the appropriate data type before plotting.
2025-10-11 16:21:54,277 INFO [matplotlib.category] Using categorical units to plot a list of strings that are all parsable as floats or dates. If these strings should be plotted as numbers, cast to the appropriate data type before plotting.
2025-10-11 16:21:59,383 INFO [matplotlib.category] Using categorical units to plot a list of strings that are all parsable as floats or dates. If these strings should be plotted as numbers, cast to the appropriate data type before plotting.
2025-10-11 16:21:59,384 INFO [matplotlib.category] Using categorical units to plot a list of strings that are all parsable as floats or dates. If these strings should be plotted as numbers, cast to the appropriate data type before plotting.
2025-10-11 16:21:59,385 INFO [matplotlib.category] Using categorical units to plot a list of strings that are all parsable as floats or dates. If these strings should be plotted as numbers, cast to the appropriate data type before plotting.
2025-10-11 16:21:59,386 INFO [matplotlib.category] Using categorical units to plot a list of strings that are all parsable as floats or dates. If these strings should be plotted as numbers, cast to the appropriate data type before plotting.
2025-10-11 16:21:59,388 INFO [matplotlib.category] Using categorical units to plot a list of strings that are all parsable as floats or dates. If these strings should be plotted as numbers, cast to the appropriate data type before plotting.
2025-10-11 16:21:59,389 INFO [matplotlib.category] Using categorical units to plot a list of strings that are all parsable as floats or dates. If these strings should be plotted as numbers, cast to the appropriate data type before plotting.
2025-10-11 16:22:03,887 INFO [matplotlib.category] Using categorical units to plot a list of strings that are all parsable as floats or dates. If these strings should be plotted as numbers, cast to the appropriate data type before plotting.
2025-10-11 16:22:03,889 INFO [matplotlib.category] Using categorical units to plot a list of strings that are all parsable as floats or dates. If these strings should be plotted as numbers, cast to the appropriate data type before plotting.
2025-10-11 16:22:03,890 INFO [matplotlib.category] Using categorical units to plot a list of strings that are all parsable as floats or dates. If these strings should be plotted as numbers, cast to the appropriate data type before plotting.
2025-10-11 16:22:03,891 INFO [matplotlib.category] Using categorical units to plot a list of strings that are all parsable as floats or dates. If these strings should be plotted as numbers, cast to the appropriate data type before plotting.
2025-10-11 16:22:03,894 INFO [matplotlib.category] Using categorical units to plot a list of strings that are all parsable as floats or dates. If these strings should be plotted as numbers, cast to the appropriate data type before plotting.
2025-10-11 16:22:03,895 INFO [matplotlib.category] Using categorical units to plot a list of strings that are all parsable as floats or dates. If these strings should be plotted as numbers, cast to the appropriate data type before plotting.
2025-10-11 16:22:09,007 INFO [matplotlib.category] Using categorical units to plot a list of strings that are all parsable as floats or dates. If these strings should be plotted as numbers, cast to the appropriate data type before plotting.
2025-10-11 16:22:09,009 INFO [matplotlib.category] Using categorical units to plot a list of strings that are all parsable as floats or dates. If these strings should be plotted as numbers, cast to the appropriate data type before plotting.
2025-10-11 16:22:09,010 INFO [matplotlib.category] Using categorical units to plot a list of strings that are all parsable as floats or dates. If these strings should be plotted as numbers, cast to the appropriate data type before plotting.
2025-10-11 16:22:09,010 INFO [matplotlib.category] Using categorical units to plot a list of strings that are all parsable as floats or dates. If these strings should be plotted as numbers, cast to the appropriate data type before plotting.
2025-10-11 16:22:09,014 INFO [matplotlib.category] Using categorical units to plot a list of strings that are all parsable as floats or dates. If these strings should be plotted as numbers, cast to the appropriate data type before plotting.
2025-10-11 16:22:09,015 INFO [matplotlib.category] Using categorical units to plot a list of strings that are all parsable as floats or dates. If these strings should be plotted as numbers, cast to the appropriate data type before plotting.
2025-10-11 16:22:14,105 INFO [matplotlib.category] Using categorical units to plot a list of strings that are all parsable as floats or dates. If these strings should be plotted as numbers, cast to the appropriate data type before plotting.
2025-10-11 16:22:14,108 INFO [matplotlib.category] Using categorical units to plot a list of strings that are all parsable as floats or dates. If these strings should be plotted as numbers, cast to the appropriate data type before plotting.
2025-10-11 16:22:14,109 INFO [matplotlib.category] Using categorical units to plot a list of strings that are all parsable as floats or dates. If these strings should be plotted as numbers, cast to the appropriate data type before plotting.
2025-10-11 16:22:14,110 INFO [matplotlib.category] Using categorical units to plot a list of strings that are all parsable as floats or dates. If these strings should be plotted as numbers, cast to the appropriate data type before plotting.
2025-10-11 16:22:14,115 INFO [matplotlib.category] Using categorical units to plot a list of strings that are all parsable as floats or dates. If these strings should be plotted as numbers, cast to the appropriate data type before plotting.
2025-10-11 16:22:14,116 INFO [matplotlib.category] Using categorical units to plot a list of strings that are all parsable as floats or dates. If these strings should be plotted as numbers, cast to the appropriate data type before plotting.
2025-10-11 16:22:19,204 INFO [matplotlib.category] Using categorical units to plot a list of strings that are all parsable as floats or dates. If these strings should be plotted as numbers, cast to the appropriate data type before plotting.
2025-10-11 16:22:19,205 INFO [matplotlib.category] Using categorical units to plot a list of strings that are all parsable as floats or dates. If these strings should be plotted as numbers, cast to the appropriate data type before plotting.
2025-10-11 16:22:19,206 INFO [matplotlib.category] Using categorical units to plot a list of strings that are all parsable as floats or dates. If these strings should be plotted as numbers, cast to the appropriate data type before plotting.
2025-10-11 16:22:19,208 INFO [matplotlib.category] Using categorical units to plot a list of strings that are all parsable as floats or dates. If these strings should be plotted as numbers, cast to the appropriate data type before plotting.
2025-10-11 16:22:19,210 INFO [matplotlib.category] Using categorical units to plot a list of strings that are all parsable as floats or dates. If these strings should be plotted as numbers, cast to the appropriate data type before plotting.
2025-10-11 16:22:19,212 INFO [matplotlib.category] Using categorical units to plot a list of strings that are all parsable as floats or dates. If these strings should be plotted as numbers, cast to the appropriate data type before plotting.
2025-10-11 16:22:24,333 INFO [matplotlib.category] Using categorical units to plot a list of strings that are all parsable as floats or dates. If these strings should be plotted as numbers, cast to the appropriate data type before plotting.
2025-10-11 16:22:24,334 INFO [matplotlib.category] Using categorical units to plot a list of strings that are all parsable as floats or dates. If these strings should be plotted as numbers, cast to the appropriate data type before plotting.
2025-10-11 16:22:24,335 INFO [matplotlib.category] Using categorical units to plot a list of strings that are all parsable as floats or dates. If these strings should be plotted as numbers, cast to the appropriate data type before plotting.
2025-10-11 16:22:24,335 INFO [matplotlib.category] Using categorical units to plot a list of strings that are all parsable as floats or dates. If these strings should be plotted as numbers, cast to the appropriate data type before plotting.
2025-10-11 16:22:24,339 INFO [matplotlib.category] Using categorical units to plot a list of strings that are all parsable as floats or dates. If these strings should be plotted as numbers, cast to the appropriate data type before plotting.
2025-10-11 16:22:24,340 INFO [matplotlib.category] Using categorical units to plot a list of strings that are all parsable as floats or dates. If these strings should be plotted as numbers, cast to the appropriate data type before plotting.
2025-10-11 16:22:29,423 INFO [matplotlib.category] Using categorical units to plot a list of strings that are all parsable as floats or dates. If these strings should be plotted as numbers, cast to the appropriate data type before plotting.
2025-10-11 16:22:29,680 INFO [matplotlib.category] Using categorical units to plot a list of strings that are all parsable as floats or dates. If these strings should be plotted as numbers, cast to the appropriate data type before plotting.
2025-10-11 16:22:29,875 INFO [matplotlib.category] Using categorical units to plot a list of strings that are all parsable as floats or dates. If these strings should be plotted as numbers, cast to the appropriate data type before plotting.
2025-10-11 16:22:30,038 INFO [matplotlib.category] Using categorical units to plot a list of strings that are all parsable as floats or dates. If these strings should be plotted as numbers, cast to the appropriate data type before plotting.
2025-10-11 16:22:30,200 INFO [matplotlib.category] Using categorical units to plot a list of strings that are all parsable as floats or dates. If these strings should be plotted as numbers, cast to the appropriate data type before plotting.
2025-10-11 16:22:30,321 INFO [matplotlib.category] Using categorical units to plot a list of strings that are all parsable as floats or dates. If these strings should be plotted as numbers, cast to the appropriate data type before plotting.
2025-10-11 16:22:33,993 INFO [matplotlib.category] Using categorical units to plot a list of strings that are all parsable as floats or dates. If these strings should be plotted as numbers, cast to the appropriate data type before plotting.
2025-10-11 16:22:33,994 INFO [matplotlib.category] Using categorical units to plot a list of strings that are all parsable as floats or dates. If these strings should be plotted as numbers, cast to the appropriate data type before plotting.
2025-10-11 16:22:33,997 INFO [matplotlib.category] Using categorical units to plot a list of strings that are all parsable as floats or dates. If these strings should be plotted as numbers, cast to the appropriate data type before plotting.
2025-10-11 16:22:33,998 INFO [matplotlib.category] Using categorical units to plot a list of strings that are all parsable as floats or dates. If these strings should be plotted as numbers, cast to the appropriate data type before plotting.
2025-10-11 16:22:34,001 INFO [matplotlib.category] Using categorical units to plot a list of strings that are all parsable as floats or dates. If these strings should be plotted as numbers, cast to the appropriate data type before plotting.
2025-10-11 16:22:34,002 INFO [matplotlib.category] Using categorical units to plot a list of strings that are all parsable as floats or dates. If these strings should be plotted as numbers, cast to the appropriate data type before plotting.
2025-10-11 16:22:39,107 INFO [matplotlib.category] Using categorical units to plot a list of strings that are all parsable as floats or dates. If these strings should be plotted as numbers, cast to the appropriate data type before plotting.
2025-10-11 16:22:39,144 INFO [matplotlib.category] Using categorical units to plot a list of strings that are all parsable as floats or dates. If these strings should be plotted as numbers, cast to the appropriate data type before plotting.
2025-10-11 16:22:39,187 INFO [matplotlib.category] Using categorical units to plot a list of strings that are all parsable as floats or dates. If these strings should be plotted as numbers, cast to the appropriate data type before plotting.
2025-10-11 16:22:39,222 INFO [matplotlib.category] Using categorical units to plot a list of strings that are all parsable as floats or dates. If these strings should be plotted as numbers, cast to the appropriate data type before plotting.
2025-10-11 16:22:39,250 INFO [matplotlib.category] Using categorical units to plot a list of strings that are all parsable as floats or dates. If these strings should be plotted as numbers, cast to the appropriate data type before plotting.
2025-10-11 16:22:39,259 INFO [matplotlib.category] Using categorical units to plot a list of strings that are all parsable as floats or dates. If these strings should be plotted as numbers, cast to the appropriate data type before plotting.
2025-10-11 16:22:44,394 INFO [matplotlib.category] Using categorical units to plot a list of strings that are all parsable as floats or dates. If these strings should be plotted as numbers, cast to the appropriate data type before plotting.
2025-10-11 16:22:44,397 INFO [matplotlib.category] Using categorical units to plot a list of strings that are all parsable as floats or dates. If these strings should be plotted as numbers, cast to the appropriate data type before plotting.
2025-10-11 16:22:44,407 INFO [matplotlib.category] Using categorical units to plot a list of strings that are all parsable as floats or dates. If these strings should be plotted as numbers, cast to the appropriate data type before plotting.
2025-10-11 16:22:44,409 INFO [matplotlib.category] Using categorical units to plot a list of strings that are all parsable as floats or dates. If these strings should be plotted as numbers, cast to the appropriate data type before plotting.
2025-10-11 16:22:44,412 INFO [matplotlib.category] Using categorical units to plot a list of strings that are all parsable as floats or dates. If these strings should be plotted as numbers, cast to the appropriate data type before plotting.
2025-10-11 16:22:44,413 INFO [matplotlib.category] Using categorical units to plot a list of strings that are all parsable as floats or dates. If these strings should be plotted as numbers, cast to the appropriate data type before plotting.
2025-10-11 16:22:49,504 INFO [matplotlib.category] Using categorical units to plot a list of strings that are all parsable as floats or dates. If these strings should be plotted as numbers, cast to the appropriate data type before plotting.
2025-10-11 16:22:49,507 INFO [matplotlib.category] Using categorical units to plot a list of strings that are all parsable as floats or dates. If these strings should be plotted as numbers, cast to the appropriate data type before plotting.
2025-10-11 16:22:49,508 INFO [matplotlib.category] Using categorical units to plot a list of strings that are all parsable as floats or dates. If these strings should be plotted as numbers, cast to the appropriate data type before plotting.
2025-10-11 16:22:49,508 INFO [matplotlib.category] Using categorical units to plot a list of strings that are all parsable as floats or dates. If these strings should be plotted as numbers, cast to the appropriate data type before plotting.
2025-10-11 16:22:49,511 INFO [matplotlib.category] Using categorical units to plot a list of strings that are all parsable as floats or dates. If these strings should be plotted as numbers, cast to the appropriate data type before plotting.
2025-10-11 16:22:49,512 INFO [matplotlib.category] Using categorical units to plot a list of strings that are all parsable as floats or dates. If these strings should be plotted as numbers, cast to the appropriate data type before plotting.
2025-10-11 16:22:54,633 INFO [matplotlib.category] Using categorical units to plot a list of strings that are all parsable as floats or dates. If these strings should be plotted as numbers, cast to the appropriate data type before plotting.
2025-10-11 16:22:54,634 INFO [matplotlib.category] Using categorical units to plot a list of strings that are all parsable as floats or dates. If these strings should be plotted as numbers, cast to the appropriate data type before plotting.
2025-10-11 16:22:54,636 INFO [matplotlib.category] Using categorical units to plot a list of strings that are all parsable as floats or dates. If these strings should be plotted as numbers, cast to the appropriate data type before plotting.
2025-10-11 16:22:54,637 INFO [matplotlib.category] Using categorical units to plot a list of strings that are all parsable as floats or dates. If these strings should be plotted as numbers, cast to the appropriate data type before plotting.
2025-10-11 16:22:54,640 INFO [matplotlib.category] Using categorical units to plot a list of strings that are all parsable as floats or dates. If these strings should be plotted as numbers, cast to the appropriate data type before plotting.
2025-10-11 16:22:54,641 INFO [matplotlib.category] Using categorical units to plot a list of strings that are all parsable as floats or dates. If these strings should be plotted as numbers, cast to the appropriate data type before plotting.
2025-10-11 16:22:59,771 INFO [matplotlib.category] Using categorical units to plot a list of strings that are all parsable as floats or dates. If these strings should be plotted as numbers, cast to the appropriate data type before plotting.
2025-10-11 16:22:59,772 INFO [matplotlib.category] Using categorical units to plot a list of strings that are all parsable as floats or dates. If these strings should be plotted as numbers, cast to the appropriate data type before plotting.
2025-10-11 16:22:59,772 INFO [matplotlib.category] Using categorical units to plot a list of strings that are all parsable as floats or dates. If these strings should be plotted as numbers, cast to the appropriate data type before plotting.
2025-10-11 16:22:59,773 INFO [matplotlib.category] Using categorical units to plot a list of strings that are all parsable as floats or dates. If these strings should be plotted as numbers, cast to the appropriate data type before plotting.
2025-10-11 16:22:59,777 INFO [matplotlib.category] Using categorical units to plot a list of strings that are all parsable as floats or dates. If these strings should be plotted as numbers, cast to the appropriate data type before plotting.
2025-10-11 16:22:59,778 INFO [matplotlib.category] Using categorical units to plot a list of strings that are all parsable as floats or dates. If these strings should be plotted as numbers, cast to the appropriate data type before plotting.
2025-10-11 16:23:04,135 INFO [matplotlib.category] Using categorical units to plot a list of strings that are all parsable as floats or dates. If these strings should be plotted as numbers, cast to the appropriate data type before plotting.
2025-10-11 16:23:04,136 INFO [matplotlib.category] Using categorical units to plot a list of strings that are all parsable as floats or dates. If these strings should be plotted as numbers, cast to the appropriate data type before plotting.
2025-10-11 16:23:04,137 INFO [matplotlib.category] Using categorical units to plot a list of strings that are all parsable as floats or dates. If these strings should be plotted as numbers, cast to the appropriate data type before plotting.
2025-10-11 16:23:04,138 INFO [matplotlib.category] Using categorical units to plot a list of strings that are all parsable as floats or dates. If these strings should be plotted as numbers, cast to the appropriate data type before plotting.
2025-10-11 16:23:04,140 INFO [matplotlib.category] Using categorical units to plot a list of strings that are all parsable as floats or dates. If these strings should be plotted as numbers, cast to the appropriate data type before plotting.
2025-10-11 16:23:04,141 INFO [matplotlib.category] Using categorical units to plot a list of strings that are all parsable as floats or dates. If these strings should be plotted as numbers, cast to the appropriate data type before plotting.
2025-10-11 16:23:09,258 INFO [matplotlib.category] Using categorical units to plot a list of strings that are all parsable as floats or dates. If these strings should be plotted as numbers, cast to the appropriate data type before plotting.
2025-10-11 16:23:09,259 INFO [matplotlib.category] Using categorical units to plot a list of strings that are all parsable as floats or dates. If these strings should be plotted as numbers, cast to the appropriate data type before plotting.
2025-10-11 16:23:09,260 INFO [matplotlib.category] Using categorical units to plot a list of strings that are all parsable as floats or dates. If these strings should be plotted as numbers, cast to the appropriate data type before plotting.
2025-10-11 16:23:09,260 INFO [matplotlib.category] Using categorical units to plot a list of strings that are all parsable as floats or dates. If these strings should be plotted as numbers, cast to the appropriate data type before plotting.
2025-10-11 16:23:09,263 INFO [matplotlib.category] Using categorical units to plot a list of strings that are all parsable as floats or dates. If these strings should be plotted as numbers, cast to the appropriate data type before plotting.
2025-10-11 16:23:09,266 INFO [matplotlib.category] Using categorical units to plot a list of strings that are all parsable as floats or dates. If these strings should be plotted as numbers, cast to the appropriate data type before plotting.
2025-10-11 16:23:14,384 INFO [matplotlib.category] Using categorical units to plot a list of strings that are all parsable as floats or dates. If these strings should be plotted as numbers, cast to the appropriate data type before plotting.
2025-10-11 16:23:14,386 INFO [matplotlib.category] Using categorical units to plot a list of strings that are all parsable as floats or dates. If these strings should be plotted as numbers, cast to the appropriate data type before plotting.
2025-10-11 16:23:14,387 INFO [matplotlib.category] Using categorical units to plot a list of strings that are all parsable as floats or dates. If these strings should be plotted as numbers, cast to the appropriate data type before plotting.
2025-10-11 16:23:14,388 INFO [matplotlib.category] Using categorical units to plot a list of strings that are all parsable as floats or dates. If these strings should be plotted as numbers, cast to the appropriate data type before plotting.
2025-10-11 16:23:14,391 INFO [matplotlib.category] Using categorical units to plot a list of strings that are all parsable as floats or dates. If these strings should be plotted as numbers, cast to the appropriate data type before plotting.
2025-10-11 16:23:14,392 INFO [matplotlib.category] Using categorical units to plot a list of strings that are all parsable as floats or dates. If these strings should be plotted as numbers, cast to the appropriate data type before plotting.
2025-10-11 16:23:19,509 INFO [matplotlib.category] Using categorical units to plot a list of strings that are all parsable as floats or dates. If these strings should be plotted as numbers, cast to the appropriate data type before plotting.
2025-10-11 16:23:19,510 INFO [matplotlib.category] Using categorical units to plot a list of strings that are all parsable as floats or dates. If these strings should be plotted as numbers, cast to the appropriate data type before plotting.
2025-10-11 16:23:19,511 INFO [matplotlib.category] Using categorical units to plot a list of strings that are all parsable as floats or dates. If these strings should be plotted as numbers, cast to the appropriate data type before plotting.
2025-10-11 16:23:19,512 INFO [matplotlib.category] Using categorical units to plot a list of strings that are all parsable as floats or dates. If these strings should be plotted as numbers, cast to the appropriate data type before plotting.
2025-10-11 16:23:19,517 INFO [matplotlib.category] Using categorical units to plot a list of strings that are all parsable as floats or dates. If these strings should be plotted as numbers, cast to the appropriate data type before plotting.
2025-10-11 16:23:19,518 INFO [matplotlib.category] Using categorical units to plot a list of strings that are all parsable as floats or dates. If these strings should be plotted as numbers, cast to the appropriate data type before plotting.
2025-10-11 16:23:24,611 INFO [matplotlib.category] Using categorical units to plot a list of strings that are all parsable as floats or dates. If these strings should be plotted as numbers, cast to the appropriate data type before plotting.
2025-10-11 16:23:24,615 INFO [matplotlib.category] Using categorical units to plot a list of strings that are all parsable as floats or dates. If these strings should be plotted as numbers, cast to the appropriate data type before plotting.
2025-10-11 16:23:24,618 INFO [matplotlib.category] Using categorical units to plot a list of strings that are all parsable as floats or dates. If these strings should be plotted as numbers, cast to the appropriate data type before plotting.
2025-10-11 16:23:24,620 INFO [matplotlib.category] Using categorical units to plot a list of strings that are all parsable as floats or dates. If these strings should be plotted as numbers, cast to the appropriate data type before plotting.
2025-10-11 16:23:24,623 INFO [matplotlib.category] Using categorical units to plot a list of strings that are all parsable as floats or dates. If these strings should be plotted as numbers, cast to the appropriate data type before plotting.
2025-10-11 16:23:24,633 INFO [matplotlib.category] Using categorical units to plot a list of strings that are all parsable as floats or dates. If these strings should be plotted as numbers, cast to the appropriate data type before plotting.
2025-10-11 16:23:29,767 INFO [matplotlib.category] Using categorical units to plot a list of strings that are all parsable as floats or dates. If these strings should be plotted as numbers, cast to the appropriate data type before plotting.
2025-10-11 16:23:29,768 INFO [matplotlib.category] Using categorical units to plot a list of strings that are all parsable as floats or dates. If these strings should be plotted as numbers, cast to the appropriate data type before plotting.
2025-10-11 16:23:29,769 INFO [matplotlib.category] Using categorical units to plot a list of strings that are all parsable as floats or dates. If these strings should be plotted as numbers, cast to the appropriate data type before plotting.
2025-10-11 16:23:29,770 INFO [matplotlib.category] Using categorical units to plot a list of strings that are all parsable as floats or dates. If these strings should be plotted as numbers, cast to the appropriate data type before plotting.
2025-10-11 16:23:29,774 INFO [matplotlib.category] Using categorical units to plot a list of strings that are all parsable as floats or dates. If these strings should be plotted as numbers, cast to the appropriate data type before plotting.
2025-10-11 16:23:29,775 INFO [matplotlib.category] Using categorical units to plot a list of strings that are all parsable as floats or dates. If these strings should be plotted as numbers, cast to the appropriate data type before plotting.
2025-10-11 16:23:34,249 INFO [matplotlib.category] Using categorical units to plot a list of strings that are all parsable as floats or dates. If these strings should be plotted as numbers, cast to the appropriate data type before plotting.
2025-10-11 16:23:34,250 INFO [matplotlib.category] Using categorical units to plot a list of strings that are all parsable as floats or dates. If these strings should be plotted as numbers, cast to the appropriate data type before plotting.
2025-10-11 16:23:34,251 INFO [matplotlib.category] Using categorical units to plot a list of strings that are all parsable as floats or dates. If these strings should be plotted as numbers, cast to the appropriate data type before plotting.
2025-10-11 16:23:34,252 INFO [matplotlib.category] Using categorical units to plot a list of strings that are all parsable as floats or dates. If these strings should be plotted as numbers, cast to the appropriate data type before plotting.
2025-10-11 16:23:34,256 INFO [matplotlib.category] Using categorical units to plot a list of strings that are all parsable as floats or dates. If these strings should be plotted as numbers, cast to the appropriate data type before plotting.
2025-10-11 16:23:34,258 INFO [matplotlib.category] Using categorical units to plot a list of strings that are all parsable as floats or dates. If these strings should be plotted as numbers, cast to the appropriate data type before plotting.
2025-10-11 16:23:39,345 INFO [matplotlib.category] Using categorical units to plot a list of strings that are all parsable as floats or dates. If these strings should be plotted as numbers, cast to the appropriate data type before plotting.
2025-10-11 16:23:39,346 INFO [matplotlib.category] Using categorical units to plot a list of strings that are all parsable as floats or dates. If these strings should be plotted as numbers, cast to the appropriate data type before plotting.
2025-10-11 16:23:39,347 INFO [matplotlib.category] Using categorical units to plot a list of strings that are all parsable as floats or dates. If these strings should be plotted as numbers, cast to the appropriate data type before plotting.
2025-10-11 16:23:39,348 INFO [matplotlib.category] Using categorical units to plot a list of strings that are all parsable as floats or dates. If these strings should be plotted as numbers, cast to the appropriate data type before plotting.
2025-10-11 16:23:39,351 INFO [matplotlib.category] Using categorical units to plot a list of strings that are all parsable as floats or dates. If these strings should be plotted as numbers, cast to the appropriate data type before plotting.
2025-10-11 16:23:39,353 INFO [matplotlib.category] Using categorical units to plot a list of strings that are all parsable as floats or dates. If these strings should be plotted as numbers, cast to the appropriate data type before plotting.
2025-10-11 16:23:44,439 INFO [matplotlib.category] Using categorical units to plot a list of strings that are all parsable as floats or dates. If these strings should be plotted as numbers, cast to the appropriate data type before plotting.
2025-10-11 16:23:44,440 INFO [matplotlib.category] Using categorical units to plot a list of strings that are all parsable as floats or dates. If these strings should be plotted as numbers, cast to the appropriate data type before plotting.
2025-10-11 16:23:44,441 INFO [matplotlib.category] Using categorical units to plot a list of strings that are all parsable as floats or dates. If these strings should be plotted as numbers, cast to the appropriate data type before plotting.
2025-10-11 16:23:44,443 INFO [matplotlib.category] Using categorical units to plot a list of strings that are all parsable as floats or dates. If these strings should be plotted as numbers, cast to the appropriate data type before plotting.
2025-10-11 16:23:44,447 INFO [matplotlib.category] Using categorical units to plot a list of strings that are all parsable as floats or dates. If these strings should be plotted as numbers, cast to the appropriate data type before plotting.
2025-10-11 16:23:44,448 INFO [matplotlib.category] Using categorical units to plot a list of strings that are all parsable as floats or dates. If these strings should be plotted as numbers, cast to the appropriate data type before plotting.
2025-10-11 16:23:49,536 INFO [matplotlib.category] Using categorical units to plot a list of strings that are all parsable as floats or dates. If these strings should be plotted as numbers, cast to the appropriate data type before plotting.
2025-10-11 16:23:49,537 INFO [matplotlib.category] Using categorical units to plot a list of strings that are all parsable as floats or dates. If these strings should be plotted as numbers, cast to the appropriate data type before plotting.
2025-10-11 16:23:49,538 INFO [matplotlib.category] Using categorical units to plot a list of strings that are all parsable as floats or dates. If these strings should be plotted as numbers, cast to the appropriate data type before plotting.
2025-10-11 16:23:49,539 INFO [matplotlib.category] Using categorical units to plot a list of strings that are all parsable as floats or dates. If these strings should be plotted as numbers, cast to the appropriate data type before plotting.
2025-10-11 16:23:49,543 INFO [matplotlib.category] Using categorical units to plot a list of strings that are all parsable as floats or dates. If these strings should be plotted as numbers, cast to the appropriate data type before plotting.
2025-10-11 16:23:49,544 INFO [matplotlib.category] Using categorical units to plot a list of strings that are all parsable as floats or dates. If these strings should be plotted as numbers, cast to the appropriate data type before plotting.
2025-10-11 16:23:54,736 INFO [matplotlib.category] Using categorical units to plot a list of strings that are all parsable as floats or dates. If these strings should be plotted as numbers, cast to the appropriate data type before plotting.
2025-10-11 16:23:54,738 INFO [matplotlib.category] Using categorical units to plot a list of strings that are all parsable as floats or dates. If these strings should be plotted as numbers, cast to the appropriate data type before plotting.
2025-10-11 16:23:54,738 INFO [matplotlib.category] Using categorical units to plot a list of strings that are all parsable as floats or dates. If these strings should be plotted as numbers, cast to the appropriate data type before plotting.
2025-10-11 16:23:54,739 INFO [matplotlib.category] Using categorical units to plot a list of strings that are all parsable as floats or dates. If these strings should be plotted as numbers, cast to the appropriate data type before plotting.
2025-10-11 16:23:54,742 INFO [matplotlib.category] Using categorical units to plot a list of strings that are all parsable as floats or dates. If these strings should be plotted as numbers, cast to the appropriate data type before plotting.
2025-10-11 16:23:54,743 INFO [matplotlib.category] Using categorical units to plot a list of strings that are all parsable as floats or dates. If these strings should be plotted as numbers, cast to the appropriate data type before plotting.
2025-10-11 16:32:40,973 INFO [matplotlib.category] Using categorical units to plot a list of strings that are all parsable as floats or dates. If these strings should be plotted as numbers, cast to the appropriate data type before plotting.
2025-10-11 16:32:40,976 INFO [matplotlib.category] Using categorical units to plot a list of strings that are all parsable as floats or dates. If these strings should be plotted as numbers, cast to the appropriate data type before plotting.
2025-10-11 16:32:40,980 INFO [matplotlib.category] Using categorical units to plot a list of strings that are all parsable as floats or dates. If these strings should be plotted as numbers, cast to the appropriate data type before plotting.
2025-10-11 16:32:40,981 INFO [matplotlib.category] Using categorical units to plot a list of strings that are all parsable as floats or dates. If these strings should be plotted as numbers, cast to the appropriate data type before plotting.
2025-10-11 16:32:40,988 INFO [matplotlib.category] Using categorical units to plot a list of strings that are all parsable as floats or dates. If these strings should be plotted as numbers, cast to the appropriate data type before plotting.
2025-10-11 16:32:40,989 INFO [matplotlib.category] Using categorical units to plot a list of strings that are all parsable as floats or dates. If these strings should be plotted as numbers, cast to the appropriate data type before plotting.
2025-10-11 16:32:41,023 ERROR [root] Loop detection failed: Interface 'Wi-Fi' not found !
2025-10-11 16:32:41,037 ERROR [db] MySQL error during save_loop_detection: 1265: Data truncated for column 'status' at row 1
2025-10-11 16:32:41,040 ERROR [db] Database Error - save_loop_detection - A database error occurred during save_loop_detection. | Details: MySQL Error 1265: Data truncated for column 'status' at row 1
2025-10-11 16:32:41,040 ERROR [db] Failed to save loop detection to database
2025-10-11 16:32:46,181 INFO [matplotlib.category] Using categorical units to plot a list of strings that are all parsable as floats or dates. If these strings should be plotted as numbers, cast to the appropriate data type before plotting.
2025-10-11 16:32:46,182 INFO [matplotlib.category] Using categorical units to plot a list of strings that are all parsable as floats or dates. If these strings should be plotted as numbers, cast to the appropriate data type before plotting.
2025-10-11 16:32:46,183 INFO [matplotlib.category] Using categorical units to plot a list of strings that are all parsable as floats or dates. If these strings should be plotted as numbers, cast to the appropriate data type before plotting.
2025-10-11 16:32:46,183 INFO [matplotlib.category] Using categorical units to plot a list of strings that are all parsable as floats or dates. If these strings should be plotted as numbers, cast to the appropriate data type before plotting.
2025-10-11 16:32:46,186 INFO [matplotlib.category] Using categorical units to plot a list of strings that are all parsable as floats or dates. If these strings should be plotted as numbers, cast to the appropriate data type before plotting.
2025-10-11 16:32:46,187 INFO [matplotlib.category] Using categorical units to plot a list of strings that are all parsable as floats or dates. If these strings should be plotted as numbers, cast to the appropriate data type before plotting.
2025-10-11 16:32:51,289 INFO [matplotlib.category] Using categorical units to plot a list of strings that are all parsable as floats or dates. If these strings should be plotted as numbers, cast to the appropriate data type before plotting.
2025-10-11 16:32:51,290 INFO [matplotlib.category] Using categorical units to plot a list of strings that are all parsable as floats or dates. If these strings should be plotted as numbers, cast to the appropriate data type before plotting.
2025-10-11 16:32:51,290 INFO [matplotlib.category] Using categorical units to plot a list of strings that are all parsable as floats or dates. If these strings should be plotted as numbers, cast to the appropriate data type before plotting.
2025-10-11 16:32:51,291 INFO [matplotlib.category] Using categorical units to plot a list of strings that are all parsable as floats or dates. If these strings should be plotted as numbers, cast to the appropriate data type before plotting.
2025-10-11 16:32:51,294 INFO [matplotlib.category] Using categorical units to plot a list of strings that are all parsable as floats or dates. If these strings should be plotted as numbers, cast to the appropriate data type before plotting.
2025-10-11 16:32:51,295 INFO [matplotlib.category] Using categorical units to plot a list of strings that are all parsable as floats or dates. If these strings should be plotted as numbers, cast to the appropriate data type before plotting.
2025-10-11 16:32:56,412 INFO [matplotlib.category] Using categorical units to plot a list of strings that are all parsable as floats or dates. If these strings should be plotted as numbers, cast to the appropriate data type before plotting.
2025-10-11 16:32:56,413 INFO [matplotlib.category] Using categorical units to plot a list of strings that are all parsable as floats or dates. If these strings should be plotted as numbers, cast to the appropriate data type before plotting.
2025-10-11 16:32:56,414 INFO [matplotlib.category] Using categorical units to plot a list of strings that are all parsable as floats or dates. If these strings should be plotted as numbers, cast to the appropriate data type before plotting.
2025-10-11 16:32:56,415 INFO [matplotlib.category] Using categorical units to plot a list of strings that are all parsable as floats or dates. If these strings should be plotted as numbers, cast to the appropriate data type before plotting.
2025-10-11 16:32:56,417 INFO [matplotlib.category] Using categorical units to plot a list of strings that are all parsable as floats or dates. If these strings should be plotted as numbers, cast to the appropriate data type before plotting.
2025-10-11 16:32:56,418 INFO [matplotlib.category] Using categorical units to plot a list of strings that are all parsable as floats or dates. If these strings should be plotted as numbers, cast to the appropriate data type before plotting.
2025-10-11 16:33:01,546 INFO [matplotlib.category] Using categorical units to plot a list of strings that are all parsable as floats or dates. If these strings should be plotted as numbers, cast to the appropriate data type before plotting.
2025-10-11 16:33:01,547 INFO [matplotlib.category] Using categorical units to plot a list of strings that are all parsable as floats or dates. If these strings should be plotted as numbers, cast to the appropriate data type before plotting.
2025-10-11 16:33:01,548 INFO [matplotlib.category] Using categorical units to plot a list of strings that are all parsable as floats or dates. If these strings should be plotted as numbers, cast to the appropriate data type before plotting.
2025-10-11 16:33:01,549 INFO [matplotlib.category] Using categorical units to plot a list of strings that are all parsable as floats or dates. If these strings should be plotted as numbers, cast to the appropriate data type before plotting.
2025-10-11 16:33:01,552 INFO [matplotlib.category] Using categorical units to plot a list of strings that are all parsable as floats or dates. If these strings should be plotted as numbers, cast to the appropriate data type before plotting.
2025-10-11 16:33:01,553 INFO [matplotlib.category] Using categorical units to plot a list of strings that are all parsable as floats or dates. If these strings should be plotted as numbers, cast to the appropriate data type before plotting.
2025-10-11 16:33:06,647 INFO [matplotlib.category] Using categorical units to plot a list of strings that are all parsable as floats or dates. If these strings should be plotted as numbers, cast to the appropriate data type before plotting.
2025-10-11 16:33:06,648 INFO [matplotlib.category] Using categorical units to plot a list of strings that are all parsable as floats or dates. If these strings should be plotted as numbers, cast to the appropriate data type before plotting.
2025-10-11 16:33:06,649 INFO [matplotlib.category] Using categorical units to plot a list of strings that are all parsable as floats or dates. If these strings should be plotted as numbers, cast to the appropriate data type before plotting.
2025-10-11 16:33:06,650 INFO [matplotlib.category] Using categorical units to plot a list of strings that are all parsable as floats or dates. If these strings should be plotted as numbers, cast to the appropriate data type before plotting.
2025-10-11 16:33:06,653 INFO [matplotlib.category] Using categorical units to plot a list of strings that are all parsable as floats or dates. If these strings should be plotted as numbers, cast to the appropriate data type before plotting.
2025-10-11 16:33:06,654 INFO [matplotlib.category] Using categorical units to plot a list of strings that are all parsable as floats or dates. If these strings should be plotted as numbers, cast to the appropriate data type before plotting.
2025-10-11 16:33:11,171 INFO [matplotlib.category] Using categorical units to plot a list of strings that are all parsable as floats or dates. If these strings should be plotted as numbers, cast to the appropriate data type before plotting.
2025-10-11 16:33:11,172 INFO [matplotlib.category] Using categorical units to plot a list of strings that are all parsable as floats or dates. If these strings should be plotted as numbers, cast to the appropriate data type before plotting.
2025-10-11 16:33:11,173 INFO [matplotlib.category] Using categorical units to plot a list of strings that are all parsable as floats or dates. If these strings should be plotted as numbers, cast to the appropriate data type before plotting.
2025-10-11 16:33:11,173 INFO [matplotlib.category] Using categorical units to plot a list of strings that are all parsable as floats or dates. If these strings should be plotted as numbers, cast to the appropriate data type before plotting.
2025-10-11 16:33:11,176 INFO [matplotlib.category] Using categorical units to plot a list of strings that are all parsable as floats or dates. If these strings should be plotted as numbers, cast to the appropriate data type before plotting.
2025-10-11 16:33:11,177 INFO [matplotlib.category] Using categorical units to plot a list of strings that are all parsable as floats or dates. If these strings should be plotted as numbers, cast to the appropriate data type before plotting.
2025-10-11 16:33:16,265 INFO [matplotlib.category] Using categorical units to plot a list of strings that are all parsable as floats or dates. If these strings should be plotted as numbers, cast to the appropriate data type before plotting.
2025-10-11 16:33:16,266 INFO [matplotlib.category] Using categorical units to plot a list of strings that are all parsable as floats or dates. If these strings should be plotted as numbers, cast to the appropriate data type before plotting.
2025-10-11 16:33:16,267 INFO [matplotlib.category] Using categorical units to plot a list of strings that are all parsable as floats or dates. If these strings should be plotted as numbers, cast to the appropriate data type before plotting.
2025-10-11 16:33:16,267 INFO [matplotlib.category] Using categorical units to plot a list of strings that are all parsable as floats or dates. If these strings should be plotted as numbers, cast to the appropriate data type before plotting.
2025-10-11 16:33:16,270 INFO [matplotlib.category] Using categorical units to plot a list of strings that are all parsable as floats or dates. If these strings should be plotted as numbers, cast to the appropriate data type before plotting.
2025-10-11 16:33:16,271 INFO [matplotlib.category] Using categorical units to plot a list of strings that are all parsable as floats or dates. If these strings should be plotted as numbers, cast to the appropriate data type before plotting.
2025-10-11 16:33:21,363 INFO [matplotlib.category] Using categorical units to plot a list of strings that are all parsable as floats or dates. If these strings should be plotted as numbers, cast to the appropriate data type before plotting.
2025-10-11 16:33:21,364 INFO [matplotlib.category] Using categorical units to plot a list of strings that are all parsable as floats or dates. If these strings should be plotted as numbers, cast to the appropriate data type before plotting.
2025-10-11 16:33:21,365 INFO [matplotlib.category] Using categorical units to plot a list of strings that are all parsable as floats or dates. If these strings should be plotted as numbers, cast to the appropriate data type before plotting.
2025-10-11 16:33:21,366 INFO [matplotlib.category] Using categorical units to plot a list of strings that are all parsable as floats or dates. If these strings should be plotted as numbers, cast to the appropriate data type before plotting.
2025-10-11 16:33:21,368 INFO [matplotlib.category] Using categorical units to plot a list of strings that are all parsable as floats or dates. If these strings should be plotted as numbers, cast to the appropriate data type before plotting.
2025-10-11 16:33:21,369 INFO [matplotlib.category] Using categorical units to plot a list of strings that are all parsable as floats or dates. If these strings should be plotted as numbers, cast to the appropriate data type before plotting.
